ARM GAS  /tmp/cceGrpy8.s 			page 1


   1              		.cpu cortex-m3
   2              		.eabi_attribute 20, 1
   3              		.eabi_attribute 21, 1
   4              		.eabi_attribute 23, 3
   5              		.eabi_attribute 24, 1
   6              		.eabi_attribute 25, 1
   7              		.eabi_attribute 26, 1
   8              		.eabi_attribute 30, 6
   9              		.eabi_attribute 34, 1
  10              		.eabi_attribute 18, 4
  11              		.file	"stm32f1xx_it.c"
  12              		.text
  13              	.Ltext0:
  14              		.cfi_sections	.debug_frame
  15              		.section	.text.NMI_Handler,"ax",%progbits
  16              		.align	1
  17              		.global	NMI_Handler
  18              		.syntax unified
  19              		.thumb
  20              		.thumb_func
  21              		.fpu softvfp
  23              	NMI_Handler:
  24              	.LFB65:
  25              		.file 1 "Src/stm32f1xx_it.c"
   1:Src/stm32f1xx_it.c **** /* USER CODE BEGIN Header */
   2:Src/stm32f1xx_it.c **** /**
   3:Src/stm32f1xx_it.c ****   ******************************************************************************
   4:Src/stm32f1xx_it.c ****   * @file    stm32f1xx_it.c
   5:Src/stm32f1xx_it.c ****   * @brief   Interrupt Service Routines.
   6:Src/stm32f1xx_it.c ****   ******************************************************************************
   7:Src/stm32f1xx_it.c ****   * @attention
   8:Src/stm32f1xx_it.c ****   *
   9:Src/stm32f1xx_it.c ****   * <h2><center>&copy; Copyright (c) 2019 STMicroelectronics.
  10:Src/stm32f1xx_it.c ****   * All rights reserved.</center></h2>
  11:Src/stm32f1xx_it.c ****   *
  12:Src/stm32f1xx_it.c ****   * This software component is licensed by ST under BSD 3-Clause license,
  13:Src/stm32f1xx_it.c ****   * the "License"; You may not use this file except in compliance with the
  14:Src/stm32f1xx_it.c ****   * License. You may obtain a copy of the License at:
  15:Src/stm32f1xx_it.c ****   *                        opensource.org/licenses/BSD-3-Clause
  16:Src/stm32f1xx_it.c ****   *
  17:Src/stm32f1xx_it.c ****   ******************************************************************************
  18:Src/stm32f1xx_it.c ****   */
  19:Src/stm32f1xx_it.c **** /* USER CODE END Header */
  20:Src/stm32f1xx_it.c **** 
  21:Src/stm32f1xx_it.c **** /* Includes ------------------------------------------------------------------*/
  22:Src/stm32f1xx_it.c **** #include "main.h"
  23:Src/stm32f1xx_it.c **** #include "stm32f1xx_it.h"
  24:Src/stm32f1xx_it.c **** /* Private includes ----------------------------------------------------------*/
  25:Src/stm32f1xx_it.c **** /* USER CODE BEGIN Includes */
  26:Src/stm32f1xx_it.c **** /* USER CODE END Includes */
  27:Src/stm32f1xx_it.c **** 
  28:Src/stm32f1xx_it.c **** /* Private typedef -----------------------------------------------------------*/
  29:Src/stm32f1xx_it.c **** /* USER CODE BEGIN TD */
  30:Src/stm32f1xx_it.c **** 
  31:Src/stm32f1xx_it.c **** /* USER CODE END TD */
  32:Src/stm32f1xx_it.c **** 
  33:Src/stm32f1xx_it.c **** /* Private define ------------------------------------------------------------*/
ARM GAS  /tmp/cceGrpy8.s 			page 2


  34:Src/stm32f1xx_it.c **** /* USER CODE BEGIN PD */
  35:Src/stm32f1xx_it.c ****  
  36:Src/stm32f1xx_it.c **** /* USER CODE END PD */
  37:Src/stm32f1xx_it.c **** 
  38:Src/stm32f1xx_it.c **** /* Private macro -------------------------------------------------------------*/
  39:Src/stm32f1xx_it.c **** /* USER CODE BEGIN PM */
  40:Src/stm32f1xx_it.c **** 
  41:Src/stm32f1xx_it.c **** /* USER CODE END PM */
  42:Src/stm32f1xx_it.c **** 
  43:Src/stm32f1xx_it.c **** /* Private variables ---------------------------------------------------------*/
  44:Src/stm32f1xx_it.c **** /* USER CODE BEGIN PV */
  45:Src/stm32f1xx_it.c **** 
  46:Src/stm32f1xx_it.c **** /* USER CODE END PV */
  47:Src/stm32f1xx_it.c **** 
  48:Src/stm32f1xx_it.c **** /* Private function prototypes -----------------------------------------------*/
  49:Src/stm32f1xx_it.c **** /* USER CODE BEGIN PFP */
  50:Src/stm32f1xx_it.c **** 
  51:Src/stm32f1xx_it.c **** /* USER CODE END PFP */
  52:Src/stm32f1xx_it.c **** 
  53:Src/stm32f1xx_it.c **** /* Private user code ---------------------------------------------------------*/
  54:Src/stm32f1xx_it.c **** /* USER CODE BEGIN 0 */
  55:Src/stm32f1xx_it.c **** 
  56:Src/stm32f1xx_it.c **** /* USER CODE END 0 */
  57:Src/stm32f1xx_it.c **** 
  58:Src/stm32f1xx_it.c **** /* External variables --------------------------------------------------------*/
  59:Src/stm32f1xx_it.c **** 
  60:Src/stm32f1xx_it.c **** /* USER CODE BEGIN EV */
  61:Src/stm32f1xx_it.c **** 
  62:Src/stm32f1xx_it.c **** /* USER CODE END EV */
  63:Src/stm32f1xx_it.c **** 
  64:Src/stm32f1xx_it.c **** /******************************************************************************/
  65:Src/stm32f1xx_it.c **** /*           Cortex-M3 Processor Interruption and Exception Handlers          */ 
  66:Src/stm32f1xx_it.c **** /******************************************************************************/
  67:Src/stm32f1xx_it.c **** /**
  68:Src/stm32f1xx_it.c ****   * @brief This function handles Non maskable interrupt.
  69:Src/stm32f1xx_it.c ****   */
  70:Src/stm32f1xx_it.c **** void NMI_Handler(void)
  71:Src/stm32f1xx_it.c **** {
  26              		.loc 1 71 0
  27              		.cfi_startproc
  28              		@ args = 0, pretend = 0, frame = 0
  29              		@ frame_needed = 1, uses_anonymous_args = 0
  30              		@ link register save eliminated.
  31 0000 80B4     		push	{r7}
  32              	.LCFI0:
  33              		.cfi_def_cfa_offset 4
  34              		.cfi_offset 7, -4
  35 0002 00AF     		add	r7, sp, #0
  36              	.LCFI1:
  37              		.cfi_def_cfa_register 7
  72:Src/stm32f1xx_it.c ****   /* USER CODE BEGIN NonMaskableInt_IRQn 0 */
  73:Src/stm32f1xx_it.c **** 
  74:Src/stm32f1xx_it.c ****   /* USER CODE END NonMaskableInt_IRQn 0 */
  75:Src/stm32f1xx_it.c ****   /* USER CODE BEGIN NonMaskableInt_IRQn 1 */
  76:Src/stm32f1xx_it.c **** 
  77:Src/stm32f1xx_it.c ****   /* USER CODE END NonMaskableInt_IRQn 1 */
  78:Src/stm32f1xx_it.c **** }
ARM GAS  /tmp/cceGrpy8.s 			page 3


  38              		.loc 1 78 0
  39 0004 00BF     		nop
  40 0006 BD46     		mov	sp, r7
  41              	.LCFI2:
  42              		.cfi_def_cfa_register 13
  43              		@ sp needed
  44 0008 80BC     		pop	{r7}
  45              	.LCFI3:
  46              		.cfi_restore 7
  47              		.cfi_def_cfa_offset 0
  48 000a 7047     		bx	lr
  49              		.cfi_endproc
  50              	.LFE65:
  52              		.section	.text.HardFault_Handler,"ax",%progbits
  53              		.align	1
  54              		.global	HardFault_Handler
  55              		.syntax unified
  56              		.thumb
  57              		.thumb_func
  58              		.fpu softvfp
  60              	HardFault_Handler:
  61              	.LFB66:
  79:Src/stm32f1xx_it.c **** 
  80:Src/stm32f1xx_it.c **** /**
  81:Src/stm32f1xx_it.c ****   * @brief This function handles Hard fault interrupt.
  82:Src/stm32f1xx_it.c ****   */
  83:Src/stm32f1xx_it.c **** void HardFault_Handler(void)
  84:Src/stm32f1xx_it.c **** {
  62              		.loc 1 84 0
  63              		.cfi_startproc
  64              		@ args = 0, pretend = 0, frame = 0
  65              		@ frame_needed = 1, uses_anonymous_args = 0
  66              		@ link register save eliminated.
  67 0000 80B4     		push	{r7}
  68              	.LCFI4:
  69              		.cfi_def_cfa_offset 4
  70              		.cfi_offset 7, -4
  71 0002 00AF     		add	r7, sp, #0
  72              	.LCFI5:
  73              		.cfi_def_cfa_register 7
  74              	.L3:
  85:Src/stm32f1xx_it.c ****   /* USER CODE BEGIN HardFault_IRQn 0 */
  86:Src/stm32f1xx_it.c **** 
  87:Src/stm32f1xx_it.c ****   /* USER CODE END HardFault_IRQn 0 */
  88:Src/stm32f1xx_it.c ****   while (1)
  75              		.loc 1 88 0 discriminator 1
  76 0004 FEE7     		b	.L3
  77              		.cfi_endproc
  78              	.LFE66:
  80              		.section	.text.MemManage_Handler,"ax",%progbits
  81              		.align	1
  82              		.global	MemManage_Handler
  83              		.syntax unified
  84              		.thumb
  85              		.thumb_func
  86              		.fpu softvfp
  88              	MemManage_Handler:
ARM GAS  /tmp/cceGrpy8.s 			page 4


  89              	.LFB67:
  89:Src/stm32f1xx_it.c ****   {
  90:Src/stm32f1xx_it.c ****     /* USER CODE BEGIN W1_HardFault_IRQn 0 */
  91:Src/stm32f1xx_it.c ****     /* USER CODE END W1_HardFault_IRQn 0 */
  92:Src/stm32f1xx_it.c ****   }
  93:Src/stm32f1xx_it.c **** }
  94:Src/stm32f1xx_it.c **** 
  95:Src/stm32f1xx_it.c **** /**
  96:Src/stm32f1xx_it.c ****   * @brief This function handles Memory management fault.
  97:Src/stm32f1xx_it.c ****   */
  98:Src/stm32f1xx_it.c **** void MemManage_Handler(void)
  99:Src/stm32f1xx_it.c **** {
  90              		.loc 1 99 0
  91              		.cfi_startproc
  92              		@ args = 0, pretend = 0, frame = 0
  93              		@ frame_needed = 1, uses_anonymous_args = 0
  94              		@ link register save eliminated.
  95 0000 80B4     		push	{r7}
  96              	.LCFI6:
  97              		.cfi_def_cfa_offset 4
  98              		.cfi_offset 7, -4
  99 0002 00AF     		add	r7, sp, #0
 100              	.LCFI7:
 101              		.cfi_def_cfa_register 7
 102              	.L5:
 100:Src/stm32f1xx_it.c ****   /* USER CODE BEGIN MemoryManagement_IRQn 0 */
 101:Src/stm32f1xx_it.c **** 
 102:Src/stm32f1xx_it.c ****   /* USER CODE END MemoryManagement_IRQn 0 */
 103:Src/stm32f1xx_it.c ****   while (1)
 103              		.loc 1 103 0 discriminator 1
 104 0004 FEE7     		b	.L5
 105              		.cfi_endproc
 106              	.LFE67:
 108              		.section	.text.BusFault_Handler,"ax",%progbits
 109              		.align	1
 110              		.global	BusFault_Handler
 111              		.syntax unified
 112              		.thumb
 113              		.thumb_func
 114              		.fpu softvfp
 116              	BusFault_Handler:
 117              	.LFB68:
 104:Src/stm32f1xx_it.c ****   {
 105:Src/stm32f1xx_it.c ****     /* USER CODE BEGIN W1_MemoryManagement_IRQn 0 */
 106:Src/stm32f1xx_it.c ****     /* USER CODE END W1_MemoryManagement_IRQn 0 */
 107:Src/stm32f1xx_it.c ****   }
 108:Src/stm32f1xx_it.c **** }
 109:Src/stm32f1xx_it.c **** 
 110:Src/stm32f1xx_it.c **** /**
 111:Src/stm32f1xx_it.c ****   * @brief This function handles Prefetch fault, memory access fault.
 112:Src/stm32f1xx_it.c ****   */
 113:Src/stm32f1xx_it.c **** void BusFault_Handler(void)
 114:Src/stm32f1xx_it.c **** {
 118              		.loc 1 114 0
 119              		.cfi_startproc
 120              		@ args = 0, pretend = 0, frame = 0
 121              		@ frame_needed = 1, uses_anonymous_args = 0
ARM GAS  /tmp/cceGrpy8.s 			page 5


 122              		@ link register save eliminated.
 123 0000 80B4     		push	{r7}
 124              	.LCFI8:
 125              		.cfi_def_cfa_offset 4
 126              		.cfi_offset 7, -4
 127 0002 00AF     		add	r7, sp, #0
 128              	.LCFI9:
 129              		.cfi_def_cfa_register 7
 130              	.L7:
 115:Src/stm32f1xx_it.c ****   /* USER CODE BEGIN BusFault_IRQn 0 */
 116:Src/stm32f1xx_it.c **** 
 117:Src/stm32f1xx_it.c ****   /* USER CODE END BusFault_IRQn 0 */
 118:Src/stm32f1xx_it.c ****   while (1)
 131              		.loc 1 118 0 discriminator 1
 132 0004 FEE7     		b	.L7
 133              		.cfi_endproc
 134              	.LFE68:
 136              		.section	.text.UsageFault_Handler,"ax",%progbits
 137              		.align	1
 138              		.global	UsageFault_Handler
 139              		.syntax unified
 140              		.thumb
 141              		.thumb_func
 142              		.fpu softvfp
 144              	UsageFault_Handler:
 145              	.LFB69:
 119:Src/stm32f1xx_it.c ****   {
 120:Src/stm32f1xx_it.c ****     /* USER CODE BEGIN W1_BusFault_IRQn 0 */
 121:Src/stm32f1xx_it.c ****     /* USER CODE END W1_BusFault_IRQn 0 */
 122:Src/stm32f1xx_it.c ****   }
 123:Src/stm32f1xx_it.c **** }
 124:Src/stm32f1xx_it.c **** 
 125:Src/stm32f1xx_it.c **** /**
 126:Src/stm32f1xx_it.c ****   * @brief This function handles Undefined instruction or illegal state.
 127:Src/stm32f1xx_it.c ****   */
 128:Src/stm32f1xx_it.c **** void UsageFault_Handler(void)
 129:Src/stm32f1xx_it.c **** {
 146              		.loc 1 129 0
 147              		.cfi_startproc
 148              		@ args = 0, pretend = 0, frame = 0
 149              		@ frame_needed = 1, uses_anonymous_args = 0
 150              		@ link register save eliminated.
 151 0000 80B4     		push	{r7}
 152              	.LCFI10:
 153              		.cfi_def_cfa_offset 4
 154              		.cfi_offset 7, -4
 155 0002 00AF     		add	r7, sp, #0
 156              	.LCFI11:
 157              		.cfi_def_cfa_register 7
 158              	.L9:
 130:Src/stm32f1xx_it.c ****   /* USER CODE BEGIN UsageFault_IRQn 0 */
 131:Src/stm32f1xx_it.c **** 
 132:Src/stm32f1xx_it.c ****   /* USER CODE END UsageFault_IRQn 0 */
 133:Src/stm32f1xx_it.c ****   while (1)
 159              		.loc 1 133 0 discriminator 1
 160 0004 FEE7     		b	.L9
 161              		.cfi_endproc
ARM GAS  /tmp/cceGrpy8.s 			page 6


 162              	.LFE69:
 164              		.section	.text.SVC_Handler,"ax",%progbits
 165              		.align	1
 166              		.global	SVC_Handler
 167              		.syntax unified
 168              		.thumb
 169              		.thumb_func
 170              		.fpu softvfp
 172              	SVC_Handler:
 173              	.LFB70:
 134:Src/stm32f1xx_it.c ****   {
 135:Src/stm32f1xx_it.c ****     /* USER CODE BEGIN W1_UsageFault_IRQn 0 */
 136:Src/stm32f1xx_it.c ****     /* USER CODE END W1_UsageFault_IRQn 0 */
 137:Src/stm32f1xx_it.c ****   }
 138:Src/stm32f1xx_it.c **** }
 139:Src/stm32f1xx_it.c **** 
 140:Src/stm32f1xx_it.c **** /**
 141:Src/stm32f1xx_it.c ****   * @brief This function handles System service call via SWI instruction.
 142:Src/stm32f1xx_it.c ****   */
 143:Src/stm32f1xx_it.c **** void SVC_Handler(void)
 144:Src/stm32f1xx_it.c **** {
 174              		.loc 1 144 0
 175              		.cfi_startproc
 176              		@ args = 0, pretend = 0, frame = 0
 177              		@ frame_needed = 1, uses_anonymous_args = 0
 178              		@ link register save eliminated.
 179 0000 80B4     		push	{r7}
 180              	.LCFI12:
 181              		.cfi_def_cfa_offset 4
 182              		.cfi_offset 7, -4
 183 0002 00AF     		add	r7, sp, #0
 184              	.LCFI13:
 185              		.cfi_def_cfa_register 7
 145:Src/stm32f1xx_it.c ****   /* USER CODE BEGIN SVCall_IRQn 0 */
 146:Src/stm32f1xx_it.c **** 
 147:Src/stm32f1xx_it.c ****   /* USER CODE END SVCall_IRQn 0 */
 148:Src/stm32f1xx_it.c ****   /* USER CODE BEGIN SVCall_IRQn 1 */
 149:Src/stm32f1xx_it.c **** 
 150:Src/stm32f1xx_it.c ****   /* USER CODE END SVCall_IRQn 1 */
 151:Src/stm32f1xx_it.c **** }
 186              		.loc 1 151 0
 187 0004 00BF     		nop
 188 0006 BD46     		mov	sp, r7
 189              	.LCFI14:
 190              		.cfi_def_cfa_register 13
 191              		@ sp needed
 192 0008 80BC     		pop	{r7}
 193              	.LCFI15:
 194              		.cfi_restore 7
 195              		.cfi_def_cfa_offset 0
 196 000a 7047     		bx	lr
 197              		.cfi_endproc
 198              	.LFE70:
 200              		.section	.text.DebugMon_Handler,"ax",%progbits
 201              		.align	1
 202              		.global	DebugMon_Handler
 203              		.syntax unified
ARM GAS  /tmp/cceGrpy8.s 			page 7


 204              		.thumb
 205              		.thumb_func
 206              		.fpu softvfp
 208              	DebugMon_Handler:
 209              	.LFB71:
 152:Src/stm32f1xx_it.c **** 
 153:Src/stm32f1xx_it.c **** /**
 154:Src/stm32f1xx_it.c ****   * @brief This function handles Debug monitor.
 155:Src/stm32f1xx_it.c ****   */
 156:Src/stm32f1xx_it.c **** void DebugMon_Handler(void)
 157:Src/stm32f1xx_it.c **** {
 210              		.loc 1 157 0
 211              		.cfi_startproc
 212              		@ args = 0, pretend = 0, frame = 0
 213              		@ frame_needed = 1, uses_anonymous_args = 0
 214              		@ link register save eliminated.
 215 0000 80B4     		push	{r7}
 216              	.LCFI16:
 217              		.cfi_def_cfa_offset 4
 218              		.cfi_offset 7, -4
 219 0002 00AF     		add	r7, sp, #0
 220              	.LCFI17:
 221              		.cfi_def_cfa_register 7
 158:Src/stm32f1xx_it.c ****   /* USER CODE BEGIN DebugMonitor_IRQn 0 */
 159:Src/stm32f1xx_it.c **** 
 160:Src/stm32f1xx_it.c ****   /* USER CODE END DebugMonitor_IRQn 0 */
 161:Src/stm32f1xx_it.c ****   /* USER CODE BEGIN DebugMonitor_IRQn 1 */
 162:Src/stm32f1xx_it.c **** 
 163:Src/stm32f1xx_it.c ****   /* USER CODE END DebugMonitor_IRQn 1 */
 164:Src/stm32f1xx_it.c **** }
 222              		.loc 1 164 0
 223 0004 00BF     		nop
 224 0006 BD46     		mov	sp, r7
 225              	.LCFI18:
 226              		.cfi_def_cfa_register 13
 227              		@ sp needed
 228 0008 80BC     		pop	{r7}
 229              	.LCFI19:
 230              		.cfi_restore 7
 231              		.cfi_def_cfa_offset 0
 232 000a 7047     		bx	lr
 233              		.cfi_endproc
 234              	.LFE71:
 236              		.section	.text.PendSV_Handler,"ax",%progbits
 237              		.align	1
 238              		.global	PendSV_Handler
 239              		.syntax unified
 240              		.thumb
 241              		.thumb_func
 242              		.fpu softvfp
 244              	PendSV_Handler:
 245              	.LFB72:
 165:Src/stm32f1xx_it.c **** 
 166:Src/stm32f1xx_it.c **** /**
 167:Src/stm32f1xx_it.c ****   * @brief This function handles Pendable request for system service.
 168:Src/stm32f1xx_it.c ****   */
 169:Src/stm32f1xx_it.c **** void PendSV_Handler(void)
ARM GAS  /tmp/cceGrpy8.s 			page 8


 170:Src/stm32f1xx_it.c **** {
 246              		.loc 1 170 0
 247              		.cfi_startproc
 248              		@ args = 0, pretend = 0, frame = 0
 249              		@ frame_needed = 1, uses_anonymous_args = 0
 250              		@ link register save eliminated.
 251 0000 80B4     		push	{r7}
 252              	.LCFI20:
 253              		.cfi_def_cfa_offset 4
 254              		.cfi_offset 7, -4
 255 0002 00AF     		add	r7, sp, #0
 256              	.LCFI21:
 257              		.cfi_def_cfa_register 7
 171:Src/stm32f1xx_it.c ****   /* USER CODE BEGIN PendSV_IRQn 0 */
 172:Src/stm32f1xx_it.c **** 
 173:Src/stm32f1xx_it.c ****   /* USER CODE END PendSV_IRQn 0 */
 174:Src/stm32f1xx_it.c ****   /* USER CODE BEGIN PendSV_IRQn 1 */
 175:Src/stm32f1xx_it.c **** 
 176:Src/stm32f1xx_it.c ****   /* USER CODE END PendSV_IRQn 1 */
 177:Src/stm32f1xx_it.c **** }
 258              		.loc 1 177 0
 259 0004 00BF     		nop
 260 0006 BD46     		mov	sp, r7
 261              	.LCFI22:
 262              		.cfi_def_cfa_register 13
 263              		@ sp needed
 264 0008 80BC     		pop	{r7}
 265              	.LCFI23:
 266              		.cfi_restore 7
 267              		.cfi_def_cfa_offset 0
 268 000a 7047     		bx	lr
 269              		.cfi_endproc
 270              	.LFE72:
 272              		.section	.text.SysTick_Handler,"ax",%progbits
 273              		.align	1
 274              		.global	SysTick_Handler
 275              		.syntax unified
 276              		.thumb
 277              		.thumb_func
 278              		.fpu softvfp
 280              	SysTick_Handler:
 281              	.LFB73:
 178:Src/stm32f1xx_it.c **** 
 179:Src/stm32f1xx_it.c **** /**
 180:Src/stm32f1xx_it.c ****   * @brief This function handles System tick timer.
 181:Src/stm32f1xx_it.c ****   */
 182:Src/stm32f1xx_it.c **** void SysTick_Handler(void)
 183:Src/stm32f1xx_it.c **** {
 282              		.loc 1 183 0
 283              		.cfi_startproc
 284              		@ args = 0, pretend = 0, frame = 0
 285              		@ frame_needed = 1, uses_anonymous_args = 0
 286 0000 80B5     		push	{r7, lr}
 287              	.LCFI24:
 288              		.cfi_def_cfa_offset 8
 289              		.cfi_offset 7, -8
 290              		.cfi_offset 14, -4
ARM GAS  /tmp/cceGrpy8.s 			page 9


 291 0002 00AF     		add	r7, sp, #0
 292              	.LCFI25:
 293              		.cfi_def_cfa_register 7
 184:Src/stm32f1xx_it.c ****   /* USER CODE BEGIN SysTick_IRQn 0 */
 185:Src/stm32f1xx_it.c **** 
 186:Src/stm32f1xx_it.c ****   /* USER CODE END SysTick_IRQn 0 */
 187:Src/stm32f1xx_it.c ****   HAL_IncTick();
 294              		.loc 1 187 0
 295 0004 FFF7FEFF 		bl	HAL_IncTick
 188:Src/stm32f1xx_it.c ****   /* USER CODE BEGIN SysTick_IRQn 1 */
 189:Src/stm32f1xx_it.c **** 
 190:Src/stm32f1xx_it.c ****   /* USER CODE END SysTick_IRQn 1 */
 191:Src/stm32f1xx_it.c **** }
 296              		.loc 1 191 0
 297 0008 00BF     		nop
 298 000a 80BD     		pop	{r7, pc}
 299              		.cfi_endproc
 300              	.LFE73:
 302              		.text
 303              	.Letext0:
 304              		.file 2 "/home/cole/Applications/gcc-arm-none-eabi-7-2018-q2-update/arm-none-eabi/include/machine/
 305              		.file 3 "/home/cole/Applications/gcc-arm-none-eabi-7-2018-q2-update/arm-none-eabi/include/sys/_std
 306              		.file 4 "Drivers/CMSIS/Include/core_cm3.h"
 307              		.file 5 "Drivers/CMSIS/Device/ST/STM32F1xx/Include/system_stm32f1xx.h"
 308              		.file 6 "Drivers/STM32F1xx_HAL_Driver/Inc/stm32f1xx_hal.h"
ARM GAS  /tmp/cceGrpy8.s 			page 10


DEFINED SYMBOLS
                            *ABS*:0000000000000000 stm32f1xx_it.c
     /tmp/cceGrpy8.s:16     .text.NMI_Handler:0000000000000000 $t
     /tmp/cceGrpy8.s:23     .text.NMI_Handler:0000000000000000 NMI_Handler
     /tmp/cceGrpy8.s:53     .text.HardFault_Handler:0000000000000000 $t
     /tmp/cceGrpy8.s:60     .text.HardFault_Handler:0000000000000000 HardFault_Handler
     /tmp/cceGrpy8.s:81     .text.MemManage_Handler:0000000000000000 $t
     /tmp/cceGrpy8.s:88     .text.MemManage_Handler:0000000000000000 MemManage_Handler
     /tmp/cceGrpy8.s:109    .text.BusFault_Handler:0000000000000000 $t
     /tmp/cceGrpy8.s:116    .text.BusFault_Handler:0000000000000000 BusFault_Handler
     /tmp/cceGrpy8.s:137    .text.UsageFault_Handler:0000000000000000 $t
     /tmp/cceGrpy8.s:144    .text.UsageFault_Handler:0000000000000000 UsageFault_Handler
     /tmp/cceGrpy8.s:165    .text.SVC_Handler:0000000000000000 $t
     /tmp/cceGrpy8.s:172    .text.SVC_Handler:0000000000000000 SVC_Handler
     /tmp/cceGrpy8.s:201    .text.DebugMon_Handler:0000000000000000 $t
     /tmp/cceGrpy8.s:208    .text.DebugMon_Handler:0000000000000000 DebugMon_Handler
     /tmp/cceGrpy8.s:237    .text.PendSV_Handler:0000000000000000 $t
     /tmp/cceGrpy8.s:244    .text.PendSV_Handler:0000000000000000 PendSV_Handler
     /tmp/cceGrpy8.s:273    .text.SysTick_Handler:0000000000000000 $t
     /tmp/cceGrpy8.s:280    .text.SysTick_Handler:0000000000000000 SysTick_Handler

UNDEFINED SYMBOLS
HAL_IncTick
