ARM GAS  /tmp/ccDX0alU.s 			page 1


   1              		.cpu cortex-m3
   2              		.eabi_attribute 20, 1
   3              		.eabi_attribute 21, 1
   4              		.eabi_attribute 23, 3
   5              		.eabi_attribute 24, 1
   6              		.eabi_attribute 25, 1
   7              		.eabi_attribute 26, 1
   8              		.eabi_attribute 30, 6
   9              		.eabi_attribute 34, 1
  10              		.eabi_attribute 18, 4
  11              		.file	"stm32f1xx_hal_exti.c"
  12              		.text
  13              	.Ltext0:
  14              		.cfi_sections	.debug_frame
  15              		.section	.text.HAL_EXTI_SetConfigLine,"ax",%progbits
  16              		.align	1
  17              		.global	HAL_EXTI_SetConfigLine
  18              		.syntax unified
  19              		.thumb
  20              		.thumb_func
  21              		.fpu softvfp
  23              	HAL_EXTI_SetConfigLine:
  24              	.LFB65:
  25              		.file 1 "Drivers/STM32F1xx_HAL_Driver/Src/stm32f1xx_hal_exti.c"
   1:Drivers/STM32F1xx_HAL_Driver/Src/stm32f1xx_hal_exti.c **** /**
   2:Drivers/STM32F1xx_HAL_Driver/Src/stm32f1xx_hal_exti.c ****   ******************************************************************************
   3:Drivers/STM32F1xx_HAL_Driver/Src/stm32f1xx_hal_exti.c ****   * @file    stm32f1xx_hal_exti.c
   4:Drivers/STM32F1xx_HAL_Driver/Src/stm32f1xx_hal_exti.c ****   * @author  MCD Application Team
   5:Drivers/STM32F1xx_HAL_Driver/Src/stm32f1xx_hal_exti.c ****   * @brief   EXTI HAL module driver.
   6:Drivers/STM32F1xx_HAL_Driver/Src/stm32f1xx_hal_exti.c ****   *          This file provides firmware functions to manage the following
   7:Drivers/STM32F1xx_HAL_Driver/Src/stm32f1xx_hal_exti.c ****   *          functionalities of the Extended Interrupts and events controller (EXTI) peripheral:
   8:Drivers/STM32F1xx_HAL_Driver/Src/stm32f1xx_hal_exti.c ****   *           + Initialization and de-initialization functions
   9:Drivers/STM32F1xx_HAL_Driver/Src/stm32f1xx_hal_exti.c ****   *           + IO operation functions
  10:Drivers/STM32F1xx_HAL_Driver/Src/stm32f1xx_hal_exti.c ****   *
  11:Drivers/STM32F1xx_HAL_Driver/Src/stm32f1xx_hal_exti.c ****   @verbatim
  12:Drivers/STM32F1xx_HAL_Driver/Src/stm32f1xx_hal_exti.c ****   ==============================================================================
  13:Drivers/STM32F1xx_HAL_Driver/Src/stm32f1xx_hal_exti.c ****                     ##### EXTI Peripheral features #####
  14:Drivers/STM32F1xx_HAL_Driver/Src/stm32f1xx_hal_exti.c ****   ==============================================================================
  15:Drivers/STM32F1xx_HAL_Driver/Src/stm32f1xx_hal_exti.c ****   [..]
  16:Drivers/STM32F1xx_HAL_Driver/Src/stm32f1xx_hal_exti.c ****     (+) Each Exti line can be configured within this driver.
  17:Drivers/STM32F1xx_HAL_Driver/Src/stm32f1xx_hal_exti.c **** 
  18:Drivers/STM32F1xx_HAL_Driver/Src/stm32f1xx_hal_exti.c ****     (+) Exti line can be configured in 3 different modes
  19:Drivers/STM32F1xx_HAL_Driver/Src/stm32f1xx_hal_exti.c ****         (++) Interrupt
  20:Drivers/STM32F1xx_HAL_Driver/Src/stm32f1xx_hal_exti.c ****         (++) Event
  21:Drivers/STM32F1xx_HAL_Driver/Src/stm32f1xx_hal_exti.c ****         (++) Both of them
  22:Drivers/STM32F1xx_HAL_Driver/Src/stm32f1xx_hal_exti.c **** 
  23:Drivers/STM32F1xx_HAL_Driver/Src/stm32f1xx_hal_exti.c ****     (+) Configurable Exti lines can be configured with 3 different triggers
  24:Drivers/STM32F1xx_HAL_Driver/Src/stm32f1xx_hal_exti.c ****         (++) Rising
  25:Drivers/STM32F1xx_HAL_Driver/Src/stm32f1xx_hal_exti.c ****         (++) Falling
  26:Drivers/STM32F1xx_HAL_Driver/Src/stm32f1xx_hal_exti.c ****         (++) Both of them
  27:Drivers/STM32F1xx_HAL_Driver/Src/stm32f1xx_hal_exti.c **** 
  28:Drivers/STM32F1xx_HAL_Driver/Src/stm32f1xx_hal_exti.c ****     (+) When set in interrupt mode, configurable Exti lines have two different
  29:Drivers/STM32F1xx_HAL_Driver/Src/stm32f1xx_hal_exti.c ****         interrupts pending registers which allow to distinguish which transition
  30:Drivers/STM32F1xx_HAL_Driver/Src/stm32f1xx_hal_exti.c ****         occurs:
  31:Drivers/STM32F1xx_HAL_Driver/Src/stm32f1xx_hal_exti.c ****         (++) Rising edge pending interrupt
  32:Drivers/STM32F1xx_HAL_Driver/Src/stm32f1xx_hal_exti.c ****         (++) Falling
  33:Drivers/STM32F1xx_HAL_Driver/Src/stm32f1xx_hal_exti.c **** 
ARM GAS  /tmp/ccDX0alU.s 			page 2


  34:Drivers/STM32F1xx_HAL_Driver/Src/stm32f1xx_hal_exti.c ****     (+) Exti lines 0 to 15 are linked to gpio pin number 0 to 15. Gpio port can
  35:Drivers/STM32F1xx_HAL_Driver/Src/stm32f1xx_hal_exti.c ****         be selected through multiplexer.
  36:Drivers/STM32F1xx_HAL_Driver/Src/stm32f1xx_hal_exti.c **** 
  37:Drivers/STM32F1xx_HAL_Driver/Src/stm32f1xx_hal_exti.c ****                      ##### How to use this driver #####
  38:Drivers/STM32F1xx_HAL_Driver/Src/stm32f1xx_hal_exti.c ****   ==============================================================================
  39:Drivers/STM32F1xx_HAL_Driver/Src/stm32f1xx_hal_exti.c ****   [..]
  40:Drivers/STM32F1xx_HAL_Driver/Src/stm32f1xx_hal_exti.c **** 
  41:Drivers/STM32F1xx_HAL_Driver/Src/stm32f1xx_hal_exti.c ****     (#) Configure the EXTI line using HAL_EXTI_SetConfigLine().
  42:Drivers/STM32F1xx_HAL_Driver/Src/stm32f1xx_hal_exti.c ****         (++) Choose the interrupt line number by setting "Line" member from
  43:Drivers/STM32F1xx_HAL_Driver/Src/stm32f1xx_hal_exti.c ****              EXTI_ConfigTypeDef structure.
  44:Drivers/STM32F1xx_HAL_Driver/Src/stm32f1xx_hal_exti.c ****         (++) Configure the interrupt and/or event mode using "Mode" member from
  45:Drivers/STM32F1xx_HAL_Driver/Src/stm32f1xx_hal_exti.c ****              EXTI_ConfigTypeDef structure.
  46:Drivers/STM32F1xx_HAL_Driver/Src/stm32f1xx_hal_exti.c ****         (++) For configurable lines, configure rising and/or falling trigger
  47:Drivers/STM32F1xx_HAL_Driver/Src/stm32f1xx_hal_exti.c ****              "Trigger" member from EXTI_ConfigTypeDef structure.
  48:Drivers/STM32F1xx_HAL_Driver/Src/stm32f1xx_hal_exti.c ****         (++) For Exti lines linked to gpio, choose gpio port using "GPIOSel"
  49:Drivers/STM32F1xx_HAL_Driver/Src/stm32f1xx_hal_exti.c ****              member from GPIO_InitTypeDef structure.
  50:Drivers/STM32F1xx_HAL_Driver/Src/stm32f1xx_hal_exti.c **** 
  51:Drivers/STM32F1xx_HAL_Driver/Src/stm32f1xx_hal_exti.c ****     (#) Get current Exti configuration of a dedicated line using
  52:Drivers/STM32F1xx_HAL_Driver/Src/stm32f1xx_hal_exti.c ****         HAL_EXTI_GetConfigLine().
  53:Drivers/STM32F1xx_HAL_Driver/Src/stm32f1xx_hal_exti.c ****         (++) Provide exiting handle as parameter.
  54:Drivers/STM32F1xx_HAL_Driver/Src/stm32f1xx_hal_exti.c ****         (++) Provide pointer on EXTI_ConfigTypeDef structure as second parameter.
  55:Drivers/STM32F1xx_HAL_Driver/Src/stm32f1xx_hal_exti.c **** 
  56:Drivers/STM32F1xx_HAL_Driver/Src/stm32f1xx_hal_exti.c ****     (#) Clear Exti configuration of a dedicated line using HAL_EXTI_GetConfigLine().
  57:Drivers/STM32F1xx_HAL_Driver/Src/stm32f1xx_hal_exti.c ****         (++) Provide exiting handle as parameter.
  58:Drivers/STM32F1xx_HAL_Driver/Src/stm32f1xx_hal_exti.c **** 
  59:Drivers/STM32F1xx_HAL_Driver/Src/stm32f1xx_hal_exti.c ****     (#) Register callback to treat Exti interrupts using HAL_EXTI_RegisterCallback().
  60:Drivers/STM32F1xx_HAL_Driver/Src/stm32f1xx_hal_exti.c ****         (++) Provide exiting handle as first parameter.
  61:Drivers/STM32F1xx_HAL_Driver/Src/stm32f1xx_hal_exti.c ****         (++) Provide which callback will be registered using one value from
  62:Drivers/STM32F1xx_HAL_Driver/Src/stm32f1xx_hal_exti.c ****              EXTI_CallbackIDTypeDef.
  63:Drivers/STM32F1xx_HAL_Driver/Src/stm32f1xx_hal_exti.c ****         (++) Provide callback function pointer.
  64:Drivers/STM32F1xx_HAL_Driver/Src/stm32f1xx_hal_exti.c **** 
  65:Drivers/STM32F1xx_HAL_Driver/Src/stm32f1xx_hal_exti.c ****     (#) Get interrupt pending bit using HAL_EXTI_GetPending().
  66:Drivers/STM32F1xx_HAL_Driver/Src/stm32f1xx_hal_exti.c **** 
  67:Drivers/STM32F1xx_HAL_Driver/Src/stm32f1xx_hal_exti.c ****     (#) Clear interrupt pending bit using HAL_EXTI_GetPending().
  68:Drivers/STM32F1xx_HAL_Driver/Src/stm32f1xx_hal_exti.c **** 
  69:Drivers/STM32F1xx_HAL_Driver/Src/stm32f1xx_hal_exti.c ****     (#) Generate software interrupt using HAL_EXTI_GenerateSWI().
  70:Drivers/STM32F1xx_HAL_Driver/Src/stm32f1xx_hal_exti.c **** 
  71:Drivers/STM32F1xx_HAL_Driver/Src/stm32f1xx_hal_exti.c ****   @endverbatim
  72:Drivers/STM32F1xx_HAL_Driver/Src/stm32f1xx_hal_exti.c ****   ******************************************************************************
  73:Drivers/STM32F1xx_HAL_Driver/Src/stm32f1xx_hal_exti.c ****   * @attention
  74:Drivers/STM32F1xx_HAL_Driver/Src/stm32f1xx_hal_exti.c ****   *
  75:Drivers/STM32F1xx_HAL_Driver/Src/stm32f1xx_hal_exti.c ****   * <h2><center>&copy; Copyright (c) 2019 STMicroelectronics.
  76:Drivers/STM32F1xx_HAL_Driver/Src/stm32f1xx_hal_exti.c ****   * All rights reserved.</center></h2>
  77:Drivers/STM32F1xx_HAL_Driver/Src/stm32f1xx_hal_exti.c ****   *
  78:Drivers/STM32F1xx_HAL_Driver/Src/stm32f1xx_hal_exti.c ****   * This software component is licensed by ST under BSD 3-Clause license,
  79:Drivers/STM32F1xx_HAL_Driver/Src/stm32f1xx_hal_exti.c ****   * the "License"; You may not use this file except in compliance with the
  80:Drivers/STM32F1xx_HAL_Driver/Src/stm32f1xx_hal_exti.c ****   * License. You may obtain a copy of the License at:
  81:Drivers/STM32F1xx_HAL_Driver/Src/stm32f1xx_hal_exti.c ****   *                        opensource.org/licenses/BSD-3-Clause
  82:Drivers/STM32F1xx_HAL_Driver/Src/stm32f1xx_hal_exti.c ****   *
  83:Drivers/STM32F1xx_HAL_Driver/Src/stm32f1xx_hal_exti.c ****   ******************************************************************************
  84:Drivers/STM32F1xx_HAL_Driver/Src/stm32f1xx_hal_exti.c ****   */
  85:Drivers/STM32F1xx_HAL_Driver/Src/stm32f1xx_hal_exti.c **** 
  86:Drivers/STM32F1xx_HAL_Driver/Src/stm32f1xx_hal_exti.c **** /* Includes ------------------------------------------------------------------*/
  87:Drivers/STM32F1xx_HAL_Driver/Src/stm32f1xx_hal_exti.c **** #include "stm32f1xx_hal.h"
  88:Drivers/STM32F1xx_HAL_Driver/Src/stm32f1xx_hal_exti.c **** 
  89:Drivers/STM32F1xx_HAL_Driver/Src/stm32f1xx_hal_exti.c **** /** @addtogroup STM32F1xx_HAL_Driver
  90:Drivers/STM32F1xx_HAL_Driver/Src/stm32f1xx_hal_exti.c ****   * @{
ARM GAS  /tmp/ccDX0alU.s 			page 3


  91:Drivers/STM32F1xx_HAL_Driver/Src/stm32f1xx_hal_exti.c ****   */
  92:Drivers/STM32F1xx_HAL_Driver/Src/stm32f1xx_hal_exti.c **** 
  93:Drivers/STM32F1xx_HAL_Driver/Src/stm32f1xx_hal_exti.c **** /** @addtogroup EXTI
  94:Drivers/STM32F1xx_HAL_Driver/Src/stm32f1xx_hal_exti.c ****   * @{
  95:Drivers/STM32F1xx_HAL_Driver/Src/stm32f1xx_hal_exti.c ****   */
  96:Drivers/STM32F1xx_HAL_Driver/Src/stm32f1xx_hal_exti.c **** /** MISRA C:2012 deviation rule has been granted for following rule:
  97:Drivers/STM32F1xx_HAL_Driver/Src/stm32f1xx_hal_exti.c ****   * Rule-18.1_b - Medium: Array `EXTICR' 1st subscript interval [0,7] may be out
  98:Drivers/STM32F1xx_HAL_Driver/Src/stm32f1xx_hal_exti.c ****   * of bounds [0,3] in following API :
  99:Drivers/STM32F1xx_HAL_Driver/Src/stm32f1xx_hal_exti.c ****   * HAL_EXTI_SetConfigLine
 100:Drivers/STM32F1xx_HAL_Driver/Src/stm32f1xx_hal_exti.c ****   * HAL_EXTI_GetConfigLine
 101:Drivers/STM32F1xx_HAL_Driver/Src/stm32f1xx_hal_exti.c ****   * HAL_EXTI_ClearConfigLine
 102:Drivers/STM32F1xx_HAL_Driver/Src/stm32f1xx_hal_exti.c ****   */
 103:Drivers/STM32F1xx_HAL_Driver/Src/stm32f1xx_hal_exti.c **** 
 104:Drivers/STM32F1xx_HAL_Driver/Src/stm32f1xx_hal_exti.c **** #ifdef HAL_EXTI_MODULE_ENABLED
 105:Drivers/STM32F1xx_HAL_Driver/Src/stm32f1xx_hal_exti.c **** 
 106:Drivers/STM32F1xx_HAL_Driver/Src/stm32f1xx_hal_exti.c **** /* Private typedef -----------------------------------------------------------*/
 107:Drivers/STM32F1xx_HAL_Driver/Src/stm32f1xx_hal_exti.c **** /* Private defines -----------------------------------------------------------*/
 108:Drivers/STM32F1xx_HAL_Driver/Src/stm32f1xx_hal_exti.c **** /** @defgroup EXTI_Private_Constants EXTI Private Constants
 109:Drivers/STM32F1xx_HAL_Driver/Src/stm32f1xx_hal_exti.c ****   * @{
 110:Drivers/STM32F1xx_HAL_Driver/Src/stm32f1xx_hal_exti.c ****   */
 111:Drivers/STM32F1xx_HAL_Driver/Src/stm32f1xx_hal_exti.c **** 
 112:Drivers/STM32F1xx_HAL_Driver/Src/stm32f1xx_hal_exti.c **** /**
 113:Drivers/STM32F1xx_HAL_Driver/Src/stm32f1xx_hal_exti.c ****   * @}
 114:Drivers/STM32F1xx_HAL_Driver/Src/stm32f1xx_hal_exti.c ****   */
 115:Drivers/STM32F1xx_HAL_Driver/Src/stm32f1xx_hal_exti.c **** 
 116:Drivers/STM32F1xx_HAL_Driver/Src/stm32f1xx_hal_exti.c **** /* Private macros ------------------------------------------------------------*/
 117:Drivers/STM32F1xx_HAL_Driver/Src/stm32f1xx_hal_exti.c **** /* Private variables ---------------------------------------------------------*/
 118:Drivers/STM32F1xx_HAL_Driver/Src/stm32f1xx_hal_exti.c **** /* Private function prototypes -----------------------------------------------*/
 119:Drivers/STM32F1xx_HAL_Driver/Src/stm32f1xx_hal_exti.c **** /* Exported functions --------------------------------------------------------*/
 120:Drivers/STM32F1xx_HAL_Driver/Src/stm32f1xx_hal_exti.c **** 
 121:Drivers/STM32F1xx_HAL_Driver/Src/stm32f1xx_hal_exti.c **** /** @addtogroup EXTI_Exported_Functions
 122:Drivers/STM32F1xx_HAL_Driver/Src/stm32f1xx_hal_exti.c ****   * @{
 123:Drivers/STM32F1xx_HAL_Driver/Src/stm32f1xx_hal_exti.c ****   */
 124:Drivers/STM32F1xx_HAL_Driver/Src/stm32f1xx_hal_exti.c **** 
 125:Drivers/STM32F1xx_HAL_Driver/Src/stm32f1xx_hal_exti.c **** /** @addtogroup EXTI_Exported_Functions_Group1
 126:Drivers/STM32F1xx_HAL_Driver/Src/stm32f1xx_hal_exti.c ****   *  @brief    Configuration functions
 127:Drivers/STM32F1xx_HAL_Driver/Src/stm32f1xx_hal_exti.c ****   *
 128:Drivers/STM32F1xx_HAL_Driver/Src/stm32f1xx_hal_exti.c **** @verbatim
 129:Drivers/STM32F1xx_HAL_Driver/Src/stm32f1xx_hal_exti.c ****  ===============================================================================
 130:Drivers/STM32F1xx_HAL_Driver/Src/stm32f1xx_hal_exti.c ****               ##### Configuration functions #####
 131:Drivers/STM32F1xx_HAL_Driver/Src/stm32f1xx_hal_exti.c ****  ===============================================================================
 132:Drivers/STM32F1xx_HAL_Driver/Src/stm32f1xx_hal_exti.c **** 
 133:Drivers/STM32F1xx_HAL_Driver/Src/stm32f1xx_hal_exti.c **** @endverbatim
 134:Drivers/STM32F1xx_HAL_Driver/Src/stm32f1xx_hal_exti.c ****   * @{
 135:Drivers/STM32F1xx_HAL_Driver/Src/stm32f1xx_hal_exti.c ****   */
 136:Drivers/STM32F1xx_HAL_Driver/Src/stm32f1xx_hal_exti.c **** 
 137:Drivers/STM32F1xx_HAL_Driver/Src/stm32f1xx_hal_exti.c **** /**
 138:Drivers/STM32F1xx_HAL_Driver/Src/stm32f1xx_hal_exti.c ****   * @brief  Set configuration of a dedicated Exti line.
 139:Drivers/STM32F1xx_HAL_Driver/Src/stm32f1xx_hal_exti.c ****   * @param  hexti Exti handle.
 140:Drivers/STM32F1xx_HAL_Driver/Src/stm32f1xx_hal_exti.c ****   * @param  pExtiConfig Pointer on EXTI configuration to be set.
 141:Drivers/STM32F1xx_HAL_Driver/Src/stm32f1xx_hal_exti.c ****   * @retval HAL Status.
 142:Drivers/STM32F1xx_HAL_Driver/Src/stm32f1xx_hal_exti.c ****   */
 143:Drivers/STM32F1xx_HAL_Driver/Src/stm32f1xx_hal_exti.c **** HAL_StatusTypeDef HAL_EXTI_SetConfigLine(EXTI_HandleTypeDef *hexti, EXTI_ConfigTypeDef *pExtiConfig
 144:Drivers/STM32F1xx_HAL_Driver/Src/stm32f1xx_hal_exti.c **** {
  26              		.loc 1 144 0
  27              		.cfi_startproc
  28              		@ args = 0, pretend = 0, frame = 24
ARM GAS  /tmp/ccDX0alU.s 			page 4


  29              		@ frame_needed = 1, uses_anonymous_args = 0
  30              		@ link register save eliminated.
  31 0000 80B4     		push	{r7}
  32              	.LCFI0:
  33              		.cfi_def_cfa_offset 4
  34              		.cfi_offset 7, -4
  35 0002 87B0     		sub	sp, sp, #28
  36              	.LCFI1:
  37              		.cfi_def_cfa_offset 32
  38 0004 00AF     		add	r7, sp, #0
  39              	.LCFI2:
  40              		.cfi_def_cfa_register 7
  41 0006 7860     		str	r0, [r7, #4]
  42 0008 3960     		str	r1, [r7]
 145:Drivers/STM32F1xx_HAL_Driver/Src/stm32f1xx_hal_exti.c ****   uint32_t regval;
 146:Drivers/STM32F1xx_HAL_Driver/Src/stm32f1xx_hal_exti.c ****   uint32_t linepos;
 147:Drivers/STM32F1xx_HAL_Driver/Src/stm32f1xx_hal_exti.c ****   uint32_t maskline;
 148:Drivers/STM32F1xx_HAL_Driver/Src/stm32f1xx_hal_exti.c **** 
 149:Drivers/STM32F1xx_HAL_Driver/Src/stm32f1xx_hal_exti.c ****   /* Check null pointer */
 150:Drivers/STM32F1xx_HAL_Driver/Src/stm32f1xx_hal_exti.c ****   if ((hexti == NULL) || (pExtiConfig == NULL))
  43              		.loc 1 150 0
  44 000a 7B68     		ldr	r3, [r7, #4]
  45 000c 002B     		cmp	r3, #0
  46 000e 02D0     		beq	.L2
  47              		.loc 1 150 0 is_stmt 0 discriminator 1
  48 0010 3B68     		ldr	r3, [r7]
  49 0012 002B     		cmp	r3, #0
  50 0014 01D1     		bne	.L3
  51              	.L2:
 151:Drivers/STM32F1xx_HAL_Driver/Src/stm32f1xx_hal_exti.c ****   {
 152:Drivers/STM32F1xx_HAL_Driver/Src/stm32f1xx_hal_exti.c ****     return HAL_ERROR;
  52              		.loc 1 152 0 is_stmt 1
  53 0016 0123     		movs	r3, #1
  54 0018 8FE0     		b	.L4
  55              	.L3:
 153:Drivers/STM32F1xx_HAL_Driver/Src/stm32f1xx_hal_exti.c ****   }
 154:Drivers/STM32F1xx_HAL_Driver/Src/stm32f1xx_hal_exti.c **** 
 155:Drivers/STM32F1xx_HAL_Driver/Src/stm32f1xx_hal_exti.c ****   /* Check parameters */
 156:Drivers/STM32F1xx_HAL_Driver/Src/stm32f1xx_hal_exti.c ****   assert_param(IS_EXTI_LINE(pExtiConfig->Line));
 157:Drivers/STM32F1xx_HAL_Driver/Src/stm32f1xx_hal_exti.c ****   assert_param(IS_EXTI_MODE(pExtiConfig->Mode));
 158:Drivers/STM32F1xx_HAL_Driver/Src/stm32f1xx_hal_exti.c **** 
 159:Drivers/STM32F1xx_HAL_Driver/Src/stm32f1xx_hal_exti.c ****   /* Assign line number to handle */
 160:Drivers/STM32F1xx_HAL_Driver/Src/stm32f1xx_hal_exti.c ****   hexti->Line = pExtiConfig->Line;
  56              		.loc 1 160 0
  57 001a 3B68     		ldr	r3, [r7]
  58 001c 1A68     		ldr	r2, [r3]
  59 001e 7B68     		ldr	r3, [r7, #4]
  60 0020 1A60     		str	r2, [r3]
 161:Drivers/STM32F1xx_HAL_Driver/Src/stm32f1xx_hal_exti.c **** 
 162:Drivers/STM32F1xx_HAL_Driver/Src/stm32f1xx_hal_exti.c ****   /* Compute line mask */
 163:Drivers/STM32F1xx_HAL_Driver/Src/stm32f1xx_hal_exti.c ****   linepos = (pExtiConfig->Line & EXTI_PIN_MASK);
  61              		.loc 1 163 0
  62 0022 3B68     		ldr	r3, [r7]
  63 0024 1B68     		ldr	r3, [r3]
  64 0026 03F01F03 		and	r3, r3, #31
  65 002a 7B61     		str	r3, [r7, #20]
 164:Drivers/STM32F1xx_HAL_Driver/Src/stm32f1xx_hal_exti.c ****   maskline = (1uL << linepos);
ARM GAS  /tmp/ccDX0alU.s 			page 5


  66              		.loc 1 164 0
  67 002c 0122     		movs	r2, #1
  68 002e 7B69     		ldr	r3, [r7, #20]
  69 0030 02FA03F3 		lsl	r3, r2, r3
  70 0034 3B61     		str	r3, [r7, #16]
 165:Drivers/STM32F1xx_HAL_Driver/Src/stm32f1xx_hal_exti.c **** 
 166:Drivers/STM32F1xx_HAL_Driver/Src/stm32f1xx_hal_exti.c ****   /* Configure triggers for configurable lines */
 167:Drivers/STM32F1xx_HAL_Driver/Src/stm32f1xx_hal_exti.c ****   if ((pExtiConfig->Line & EXTI_CONFIG) != 0x00u)
  71              		.loc 1 167 0
  72 0036 3B68     		ldr	r3, [r7]
  73 0038 1B68     		ldr	r3, [r3]
  74 003a 03F00073 		and	r3, r3, #33554432
  75 003e 002B     		cmp	r3, #0
  76 0040 52D0     		beq	.L5
 168:Drivers/STM32F1xx_HAL_Driver/Src/stm32f1xx_hal_exti.c ****   {
 169:Drivers/STM32F1xx_HAL_Driver/Src/stm32f1xx_hal_exti.c ****     assert_param(IS_EXTI_TRIGGER(pExtiConfig->Trigger));
 170:Drivers/STM32F1xx_HAL_Driver/Src/stm32f1xx_hal_exti.c **** 
 171:Drivers/STM32F1xx_HAL_Driver/Src/stm32f1xx_hal_exti.c ****     /* Configure rising trigger */
 172:Drivers/STM32F1xx_HAL_Driver/Src/stm32f1xx_hal_exti.c ****     /* Mask or set line */
 173:Drivers/STM32F1xx_HAL_Driver/Src/stm32f1xx_hal_exti.c ****     if ((pExtiConfig->Trigger & EXTI_TRIGGER_RISING) != 0x00u)
  77              		.loc 1 173 0
  78 0042 3B68     		ldr	r3, [r7]
  79 0044 9B68     		ldr	r3, [r3, #8]
  80 0046 03F00103 		and	r3, r3, #1
  81 004a 002B     		cmp	r3, #0
  82 004c 06D0     		beq	.L6
 174:Drivers/STM32F1xx_HAL_Driver/Src/stm32f1xx_hal_exti.c ****     {
 175:Drivers/STM32F1xx_HAL_Driver/Src/stm32f1xx_hal_exti.c ****       EXTI->RTSR |= maskline;
  83              		.loc 1 175 0
  84 004e 3D4B     		ldr	r3, .L14
  85 0050 9A68     		ldr	r2, [r3, #8]
  86 0052 3C49     		ldr	r1, .L14
  87 0054 3B69     		ldr	r3, [r7, #16]
  88 0056 1343     		orrs	r3, r3, r2
  89 0058 8B60     		str	r3, [r1, #8]
  90 005a 06E0     		b	.L7
  91              	.L6:
 176:Drivers/STM32F1xx_HAL_Driver/Src/stm32f1xx_hal_exti.c ****     }
 177:Drivers/STM32F1xx_HAL_Driver/Src/stm32f1xx_hal_exti.c ****     else
 178:Drivers/STM32F1xx_HAL_Driver/Src/stm32f1xx_hal_exti.c ****     {
 179:Drivers/STM32F1xx_HAL_Driver/Src/stm32f1xx_hal_exti.c ****       EXTI->RTSR &= ~maskline;
  92              		.loc 1 179 0
  93 005c 394B     		ldr	r3, .L14
  94 005e 9A68     		ldr	r2, [r3, #8]
  95 0060 3B69     		ldr	r3, [r7, #16]
  96 0062 DB43     		mvns	r3, r3
  97 0064 3749     		ldr	r1, .L14
  98 0066 1340     		ands	r3, r3, r2
  99 0068 8B60     		str	r3, [r1, #8]
 100              	.L7:
 180:Drivers/STM32F1xx_HAL_Driver/Src/stm32f1xx_hal_exti.c ****     }
 181:Drivers/STM32F1xx_HAL_Driver/Src/stm32f1xx_hal_exti.c **** 
 182:Drivers/STM32F1xx_HAL_Driver/Src/stm32f1xx_hal_exti.c ****     /* Configure falling trigger */
 183:Drivers/STM32F1xx_HAL_Driver/Src/stm32f1xx_hal_exti.c ****     /* Mask or set line */
 184:Drivers/STM32F1xx_HAL_Driver/Src/stm32f1xx_hal_exti.c ****     if ((pExtiConfig->Trigger & EXTI_TRIGGER_FALLING) != 0x00u)
 101              		.loc 1 184 0
 102 006a 3B68     		ldr	r3, [r7]
ARM GAS  /tmp/ccDX0alU.s 			page 6


 103 006c 9B68     		ldr	r3, [r3, #8]
 104 006e 03F00203 		and	r3, r3, #2
 105 0072 002B     		cmp	r3, #0
 106 0074 06D0     		beq	.L8
 185:Drivers/STM32F1xx_HAL_Driver/Src/stm32f1xx_hal_exti.c ****     {
 186:Drivers/STM32F1xx_HAL_Driver/Src/stm32f1xx_hal_exti.c ****       EXTI->FTSR |= maskline;
 107              		.loc 1 186 0
 108 0076 334B     		ldr	r3, .L14
 109 0078 DA68     		ldr	r2, [r3, #12]
 110 007a 3249     		ldr	r1, .L14
 111 007c 3B69     		ldr	r3, [r7, #16]
 112 007e 1343     		orrs	r3, r3, r2
 113 0080 CB60     		str	r3, [r1, #12]
 114 0082 06E0     		b	.L9
 115              	.L8:
 187:Drivers/STM32F1xx_HAL_Driver/Src/stm32f1xx_hal_exti.c ****     }
 188:Drivers/STM32F1xx_HAL_Driver/Src/stm32f1xx_hal_exti.c ****     else
 189:Drivers/STM32F1xx_HAL_Driver/Src/stm32f1xx_hal_exti.c ****     {
 190:Drivers/STM32F1xx_HAL_Driver/Src/stm32f1xx_hal_exti.c ****       EXTI->FTSR &= ~maskline;
 116              		.loc 1 190 0
 117 0084 2F4B     		ldr	r3, .L14
 118 0086 DA68     		ldr	r2, [r3, #12]
 119 0088 3B69     		ldr	r3, [r7, #16]
 120 008a DB43     		mvns	r3, r3
 121 008c 2D49     		ldr	r1, .L14
 122 008e 1340     		ands	r3, r3, r2
 123 0090 CB60     		str	r3, [r1, #12]
 124              	.L9:
 191:Drivers/STM32F1xx_HAL_Driver/Src/stm32f1xx_hal_exti.c ****     }
 192:Drivers/STM32F1xx_HAL_Driver/Src/stm32f1xx_hal_exti.c **** 
 193:Drivers/STM32F1xx_HAL_Driver/Src/stm32f1xx_hal_exti.c **** 
 194:Drivers/STM32F1xx_HAL_Driver/Src/stm32f1xx_hal_exti.c ****     /* Configure gpio port selection in case of gpio exti line */
 195:Drivers/STM32F1xx_HAL_Driver/Src/stm32f1xx_hal_exti.c ****     if ((pExtiConfig->Line & EXTI_GPIO) == EXTI_GPIO)
 125              		.loc 1 195 0
 126 0092 3B68     		ldr	r3, [r7]
 127 0094 1B68     		ldr	r3, [r3]
 128 0096 03F0C063 		and	r3, r3, #100663296
 129 009a B3F1C06F 		cmp	r3, #100663296
 130 009e 23D1     		bne	.L5
 196:Drivers/STM32F1xx_HAL_Driver/Src/stm32f1xx_hal_exti.c ****     {
 197:Drivers/STM32F1xx_HAL_Driver/Src/stm32f1xx_hal_exti.c ****       assert_param(IS_EXTI_GPIO_PORT(pExtiConfig->GPIOSel));
 198:Drivers/STM32F1xx_HAL_Driver/Src/stm32f1xx_hal_exti.c ****       assert_param(IS_EXTI_GPIO_PIN(linepos));
 199:Drivers/STM32F1xx_HAL_Driver/Src/stm32f1xx_hal_exti.c ****       
 200:Drivers/STM32F1xx_HAL_Driver/Src/stm32f1xx_hal_exti.c ****       regval = AFIO->EXTICR[linepos >> 2u];
 131              		.loc 1 200 0
 132 00a0 294A     		ldr	r2, .L14+4
 133 00a2 7B69     		ldr	r3, [r7, #20]
 134 00a4 9B08     		lsrs	r3, r3, #2
 135 00a6 0233     		adds	r3, r3, #2
 136 00a8 52F82330 		ldr	r3, [r2, r3, lsl #2]
 137 00ac FB60     		str	r3, [r7, #12]
 201:Drivers/STM32F1xx_HAL_Driver/Src/stm32f1xx_hal_exti.c ****       regval &= ~(AFIO_EXTICR1_EXTI0 << (AFIO_EXTICR1_EXTI1_Pos * (linepos & 0x03u)));
 138              		.loc 1 201 0
 139 00ae 7B69     		ldr	r3, [r7, #20]
 140 00b0 03F00303 		and	r3, r3, #3
 141 00b4 9B00     		lsls	r3, r3, #2
 142 00b6 0F22     		movs	r2, #15
ARM GAS  /tmp/ccDX0alU.s 			page 7


 143 00b8 02FA03F3 		lsl	r3, r2, r3
 144 00bc DB43     		mvns	r3, r3
 145 00be FA68     		ldr	r2, [r7, #12]
 146 00c0 1340     		ands	r3, r3, r2
 147 00c2 FB60     		str	r3, [r7, #12]
 202:Drivers/STM32F1xx_HAL_Driver/Src/stm32f1xx_hal_exti.c ****       regval |= (pExtiConfig->GPIOSel << (AFIO_EXTICR1_EXTI1_Pos * (linepos & 0x03u)));
 148              		.loc 1 202 0
 149 00c4 3B68     		ldr	r3, [r7]
 150 00c6 DA68     		ldr	r2, [r3, #12]
 151 00c8 7B69     		ldr	r3, [r7, #20]
 152 00ca 03F00303 		and	r3, r3, #3
 153 00ce 9B00     		lsls	r3, r3, #2
 154 00d0 02FA03F3 		lsl	r3, r2, r3
 155 00d4 FA68     		ldr	r2, [r7, #12]
 156 00d6 1343     		orrs	r3, r3, r2
 157 00d8 FB60     		str	r3, [r7, #12]
 203:Drivers/STM32F1xx_HAL_Driver/Src/stm32f1xx_hal_exti.c ****       AFIO->EXTICR[linepos >> 2u] = regval;
 158              		.loc 1 203 0
 159 00da 1B49     		ldr	r1, .L14+4
 160 00dc 7B69     		ldr	r3, [r7, #20]
 161 00de 9B08     		lsrs	r3, r3, #2
 162 00e0 0233     		adds	r3, r3, #2
 163 00e2 FA68     		ldr	r2, [r7, #12]
 164 00e4 41F82320 		str	r2, [r1, r3, lsl #2]
 165              	.L5:
 204:Drivers/STM32F1xx_HAL_Driver/Src/stm32f1xx_hal_exti.c ****     }
 205:Drivers/STM32F1xx_HAL_Driver/Src/stm32f1xx_hal_exti.c ****   }
 206:Drivers/STM32F1xx_HAL_Driver/Src/stm32f1xx_hal_exti.c **** 
 207:Drivers/STM32F1xx_HAL_Driver/Src/stm32f1xx_hal_exti.c ****   /* Configure interrupt mode : read current mode */
 208:Drivers/STM32F1xx_HAL_Driver/Src/stm32f1xx_hal_exti.c ****   /* Mask or set line */
 209:Drivers/STM32F1xx_HAL_Driver/Src/stm32f1xx_hal_exti.c ****   if ((pExtiConfig->Mode & EXTI_MODE_INTERRUPT) != 0x00u)
 166              		.loc 1 209 0
 167 00e8 3B68     		ldr	r3, [r7]
 168 00ea 5B68     		ldr	r3, [r3, #4]
 169 00ec 03F00103 		and	r3, r3, #1
 170 00f0 002B     		cmp	r3, #0
 171 00f2 06D0     		beq	.L10
 210:Drivers/STM32F1xx_HAL_Driver/Src/stm32f1xx_hal_exti.c ****   {
 211:Drivers/STM32F1xx_HAL_Driver/Src/stm32f1xx_hal_exti.c ****     EXTI->IMR |= maskline;
 172              		.loc 1 211 0
 173 00f4 134B     		ldr	r3, .L14
 174 00f6 1A68     		ldr	r2, [r3]
 175 00f8 1249     		ldr	r1, .L14
 176 00fa 3B69     		ldr	r3, [r7, #16]
 177 00fc 1343     		orrs	r3, r3, r2
 178 00fe 0B60     		str	r3, [r1]
 179 0100 06E0     		b	.L11
 180              	.L10:
 212:Drivers/STM32F1xx_HAL_Driver/Src/stm32f1xx_hal_exti.c ****   }
 213:Drivers/STM32F1xx_HAL_Driver/Src/stm32f1xx_hal_exti.c ****   else
 214:Drivers/STM32F1xx_HAL_Driver/Src/stm32f1xx_hal_exti.c ****   {
 215:Drivers/STM32F1xx_HAL_Driver/Src/stm32f1xx_hal_exti.c ****     EXTI->IMR &= ~maskline;
 181              		.loc 1 215 0
 182 0102 104B     		ldr	r3, .L14
 183 0104 1A68     		ldr	r2, [r3]
 184 0106 3B69     		ldr	r3, [r7, #16]
 185 0108 DB43     		mvns	r3, r3
ARM GAS  /tmp/ccDX0alU.s 			page 8


 186 010a 0E49     		ldr	r1, .L14
 187 010c 1340     		ands	r3, r3, r2
 188 010e 0B60     		str	r3, [r1]
 189              	.L11:
 216:Drivers/STM32F1xx_HAL_Driver/Src/stm32f1xx_hal_exti.c ****   }
 217:Drivers/STM32F1xx_HAL_Driver/Src/stm32f1xx_hal_exti.c **** 
 218:Drivers/STM32F1xx_HAL_Driver/Src/stm32f1xx_hal_exti.c ****   /* Configure event mode : read current mode */
 219:Drivers/STM32F1xx_HAL_Driver/Src/stm32f1xx_hal_exti.c ****   /* Mask or set line */
 220:Drivers/STM32F1xx_HAL_Driver/Src/stm32f1xx_hal_exti.c ****   if ((pExtiConfig->Mode & EXTI_MODE_EVENT) != 0x00u)
 190              		.loc 1 220 0
 191 0110 3B68     		ldr	r3, [r7]
 192 0112 5B68     		ldr	r3, [r3, #4]
 193 0114 03F00203 		and	r3, r3, #2
 194 0118 002B     		cmp	r3, #0
 195 011a 06D0     		beq	.L12
 221:Drivers/STM32F1xx_HAL_Driver/Src/stm32f1xx_hal_exti.c ****   {
 222:Drivers/STM32F1xx_HAL_Driver/Src/stm32f1xx_hal_exti.c ****     EXTI->EMR |= maskline;
 196              		.loc 1 222 0
 197 011c 094B     		ldr	r3, .L14
 198 011e 5A68     		ldr	r2, [r3, #4]
 199 0120 0849     		ldr	r1, .L14
 200 0122 3B69     		ldr	r3, [r7, #16]
 201 0124 1343     		orrs	r3, r3, r2
 202 0126 4B60     		str	r3, [r1, #4]
 203 0128 06E0     		b	.L13
 204              	.L12:
 223:Drivers/STM32F1xx_HAL_Driver/Src/stm32f1xx_hal_exti.c ****   }
 224:Drivers/STM32F1xx_HAL_Driver/Src/stm32f1xx_hal_exti.c ****   else
 225:Drivers/STM32F1xx_HAL_Driver/Src/stm32f1xx_hal_exti.c ****   {
 226:Drivers/STM32F1xx_HAL_Driver/Src/stm32f1xx_hal_exti.c ****     EXTI->EMR &= ~maskline;
 205              		.loc 1 226 0
 206 012a 064B     		ldr	r3, .L14
 207 012c 5A68     		ldr	r2, [r3, #4]
 208 012e 3B69     		ldr	r3, [r7, #16]
 209 0130 DB43     		mvns	r3, r3
 210 0132 0449     		ldr	r1, .L14
 211 0134 1340     		ands	r3, r3, r2
 212 0136 4B60     		str	r3, [r1, #4]
 213              	.L13:
 227:Drivers/STM32F1xx_HAL_Driver/Src/stm32f1xx_hal_exti.c ****   }
 228:Drivers/STM32F1xx_HAL_Driver/Src/stm32f1xx_hal_exti.c **** 
 229:Drivers/STM32F1xx_HAL_Driver/Src/stm32f1xx_hal_exti.c ****   return HAL_OK;
 214              		.loc 1 229 0
 215 0138 0023     		movs	r3, #0
 216              	.L4:
 230:Drivers/STM32F1xx_HAL_Driver/Src/stm32f1xx_hal_exti.c **** }
 217              		.loc 1 230 0
 218 013a 1846     		mov	r0, r3
 219 013c 1C37     		adds	r7, r7, #28
 220              	.LCFI3:
 221              		.cfi_def_cfa_offset 4
 222 013e BD46     		mov	sp, r7
 223              	.LCFI4:
 224              		.cfi_def_cfa_register 13
 225              		@ sp needed
 226 0140 80BC     		pop	{r7}
 227              	.LCFI5:
ARM GAS  /tmp/ccDX0alU.s 			page 9


 228              		.cfi_restore 7
 229              		.cfi_def_cfa_offset 0
 230 0142 7047     		bx	lr
 231              	.L15:
 232              		.align	2
 233              	.L14:
 234 0144 00040140 		.word	1073808384
 235 0148 00000140 		.word	1073807360
 236              		.cfi_endproc
 237              	.LFE65:
 239              		.section	.text.HAL_EXTI_GetConfigLine,"ax",%progbits
 240              		.align	1
 241              		.global	HAL_EXTI_GetConfigLine
 242              		.syntax unified
 243              		.thumb
 244              		.thumb_func
 245              		.fpu softvfp
 247              	HAL_EXTI_GetConfigLine:
 248              	.LFB66:
 231:Drivers/STM32F1xx_HAL_Driver/Src/stm32f1xx_hal_exti.c **** 
 232:Drivers/STM32F1xx_HAL_Driver/Src/stm32f1xx_hal_exti.c **** /**
 233:Drivers/STM32F1xx_HAL_Driver/Src/stm32f1xx_hal_exti.c ****   * @brief  Get configuration of a dedicated Exti line.
 234:Drivers/STM32F1xx_HAL_Driver/Src/stm32f1xx_hal_exti.c ****   * @param  hexti Exti handle.
 235:Drivers/STM32F1xx_HAL_Driver/Src/stm32f1xx_hal_exti.c ****   * @param  pExtiConfig Pointer on structure to store Exti configuration.
 236:Drivers/STM32F1xx_HAL_Driver/Src/stm32f1xx_hal_exti.c ****   * @retval HAL Status.
 237:Drivers/STM32F1xx_HAL_Driver/Src/stm32f1xx_hal_exti.c ****   */
 238:Drivers/STM32F1xx_HAL_Driver/Src/stm32f1xx_hal_exti.c **** HAL_StatusTypeDef HAL_EXTI_GetConfigLine(EXTI_HandleTypeDef *hexti, EXTI_ConfigTypeDef *pExtiConfig
 239:Drivers/STM32F1xx_HAL_Driver/Src/stm32f1xx_hal_exti.c **** {
 249              		.loc 1 239 0
 250              		.cfi_startproc
 251              		@ args = 0, pretend = 0, frame = 24
 252              		@ frame_needed = 1, uses_anonymous_args = 0
 253              		@ link register save eliminated.
 254 0000 80B4     		push	{r7}
 255              	.LCFI6:
 256              		.cfi_def_cfa_offset 4
 257              		.cfi_offset 7, -4
 258 0002 87B0     		sub	sp, sp, #28
 259              	.LCFI7:
 260              		.cfi_def_cfa_offset 32
 261 0004 00AF     		add	r7, sp, #0
 262              	.LCFI8:
 263              		.cfi_def_cfa_register 7
 264 0006 7860     		str	r0, [r7, #4]
 265 0008 3960     		str	r1, [r7]
 240:Drivers/STM32F1xx_HAL_Driver/Src/stm32f1xx_hal_exti.c ****   uint32_t regval;
 241:Drivers/STM32F1xx_HAL_Driver/Src/stm32f1xx_hal_exti.c ****   uint32_t linepos;
 242:Drivers/STM32F1xx_HAL_Driver/Src/stm32f1xx_hal_exti.c ****   uint32_t maskline;
 243:Drivers/STM32F1xx_HAL_Driver/Src/stm32f1xx_hal_exti.c **** 
 244:Drivers/STM32F1xx_HAL_Driver/Src/stm32f1xx_hal_exti.c ****   /* Check null pointer */
 245:Drivers/STM32F1xx_HAL_Driver/Src/stm32f1xx_hal_exti.c ****   if ((hexti == NULL) || (pExtiConfig == NULL))
 266              		.loc 1 245 0
 267 000a 7B68     		ldr	r3, [r7, #4]
 268 000c 002B     		cmp	r3, #0
 269 000e 02D0     		beq	.L17
 270              		.loc 1 245 0 is_stmt 0 discriminator 1
 271 0010 3B68     		ldr	r3, [r7]
ARM GAS  /tmp/ccDX0alU.s 			page 10


 272 0012 002B     		cmp	r3, #0
 273 0014 01D1     		bne	.L18
 274              	.L17:
 246:Drivers/STM32F1xx_HAL_Driver/Src/stm32f1xx_hal_exti.c ****   {
 247:Drivers/STM32F1xx_HAL_Driver/Src/stm32f1xx_hal_exti.c ****     return HAL_ERROR;
 275              		.loc 1 247 0 is_stmt 1
 276 0016 0123     		movs	r3, #1
 277 0018 6AE0     		b	.L19
 278              	.L18:
 248:Drivers/STM32F1xx_HAL_Driver/Src/stm32f1xx_hal_exti.c ****   }
 249:Drivers/STM32F1xx_HAL_Driver/Src/stm32f1xx_hal_exti.c **** 
 250:Drivers/STM32F1xx_HAL_Driver/Src/stm32f1xx_hal_exti.c ****   /* Check the parameter */
 251:Drivers/STM32F1xx_HAL_Driver/Src/stm32f1xx_hal_exti.c ****   assert_param(IS_EXTI_LINE(hexti->Line));
 252:Drivers/STM32F1xx_HAL_Driver/Src/stm32f1xx_hal_exti.c **** 
 253:Drivers/STM32F1xx_HAL_Driver/Src/stm32f1xx_hal_exti.c ****   /* Store handle line number to configuration structure */
 254:Drivers/STM32F1xx_HAL_Driver/Src/stm32f1xx_hal_exti.c ****   pExtiConfig->Line = hexti->Line;
 279              		.loc 1 254 0
 280 001a 7B68     		ldr	r3, [r7, #4]
 281 001c 1A68     		ldr	r2, [r3]
 282 001e 3B68     		ldr	r3, [r7]
 283 0020 1A60     		str	r2, [r3]
 255:Drivers/STM32F1xx_HAL_Driver/Src/stm32f1xx_hal_exti.c **** 
 256:Drivers/STM32F1xx_HAL_Driver/Src/stm32f1xx_hal_exti.c ****   /* Compute line mask */
 257:Drivers/STM32F1xx_HAL_Driver/Src/stm32f1xx_hal_exti.c ****   linepos = (pExtiConfig->Line & EXTI_PIN_MASK);
 284              		.loc 1 257 0
 285 0022 3B68     		ldr	r3, [r7]
 286 0024 1B68     		ldr	r3, [r3]
 287 0026 03F01F03 		and	r3, r3, #31
 288 002a 7B61     		str	r3, [r7, #20]
 258:Drivers/STM32F1xx_HAL_Driver/Src/stm32f1xx_hal_exti.c ****   maskline = (1uL << linepos);
 289              		.loc 1 258 0
 290 002c 0122     		movs	r2, #1
 291 002e 7B69     		ldr	r3, [r7, #20]
 292 0030 02FA03F3 		lsl	r3, r2, r3
 293 0034 3B61     		str	r3, [r7, #16]
 259:Drivers/STM32F1xx_HAL_Driver/Src/stm32f1xx_hal_exti.c **** 
 260:Drivers/STM32F1xx_HAL_Driver/Src/stm32f1xx_hal_exti.c ****   /* 1] Get core mode : interrupt */
 261:Drivers/STM32F1xx_HAL_Driver/Src/stm32f1xx_hal_exti.c **** 
 262:Drivers/STM32F1xx_HAL_Driver/Src/stm32f1xx_hal_exti.c ****   /* Check if selected line is enable */
 263:Drivers/STM32F1xx_HAL_Driver/Src/stm32f1xx_hal_exti.c ****   if ((EXTI->IMR & maskline) != 0x00u)
 294              		.loc 1 263 0
 295 0036 314B     		ldr	r3, .L30
 296 0038 1A68     		ldr	r2, [r3]
 297 003a 3B69     		ldr	r3, [r7, #16]
 298 003c 1340     		ands	r3, r3, r2
 299 003e 002B     		cmp	r3, #0
 300 0040 03D0     		beq	.L20
 264:Drivers/STM32F1xx_HAL_Driver/Src/stm32f1xx_hal_exti.c ****   {
 265:Drivers/STM32F1xx_HAL_Driver/Src/stm32f1xx_hal_exti.c ****     pExtiConfig->Mode = EXTI_MODE_INTERRUPT;
 301              		.loc 1 265 0
 302 0042 3B68     		ldr	r3, [r7]
 303 0044 0122     		movs	r2, #1
 304 0046 5A60     		str	r2, [r3, #4]
 305 0048 02E0     		b	.L21
 306              	.L20:
 266:Drivers/STM32F1xx_HAL_Driver/Src/stm32f1xx_hal_exti.c ****   }
 267:Drivers/STM32F1xx_HAL_Driver/Src/stm32f1xx_hal_exti.c ****   else
ARM GAS  /tmp/ccDX0alU.s 			page 11


 268:Drivers/STM32F1xx_HAL_Driver/Src/stm32f1xx_hal_exti.c ****   {
 269:Drivers/STM32F1xx_HAL_Driver/Src/stm32f1xx_hal_exti.c ****     pExtiConfig->Mode = EXTI_MODE_NONE;
 307              		.loc 1 269 0
 308 004a 3B68     		ldr	r3, [r7]
 309 004c 0022     		movs	r2, #0
 310 004e 5A60     		str	r2, [r3, #4]
 311              	.L21:
 270:Drivers/STM32F1xx_HAL_Driver/Src/stm32f1xx_hal_exti.c ****   }
 271:Drivers/STM32F1xx_HAL_Driver/Src/stm32f1xx_hal_exti.c **** 
 272:Drivers/STM32F1xx_HAL_Driver/Src/stm32f1xx_hal_exti.c ****   /* Get event mode */
 273:Drivers/STM32F1xx_HAL_Driver/Src/stm32f1xx_hal_exti.c ****   /* Check if selected line is enable */
 274:Drivers/STM32F1xx_HAL_Driver/Src/stm32f1xx_hal_exti.c ****   if ((EXTI->EMR & maskline) != 0x00u)
 312              		.loc 1 274 0
 313 0050 2A4B     		ldr	r3, .L30
 314 0052 5A68     		ldr	r2, [r3, #4]
 315 0054 3B69     		ldr	r3, [r7, #16]
 316 0056 1340     		ands	r3, r3, r2
 317 0058 002B     		cmp	r3, #0
 318 005a 05D0     		beq	.L22
 275:Drivers/STM32F1xx_HAL_Driver/Src/stm32f1xx_hal_exti.c ****   {
 276:Drivers/STM32F1xx_HAL_Driver/Src/stm32f1xx_hal_exti.c ****     pExtiConfig->Mode |= EXTI_MODE_EVENT;
 319              		.loc 1 276 0
 320 005c 3B68     		ldr	r3, [r7]
 321 005e 5B68     		ldr	r3, [r3, #4]
 322 0060 43F00202 		orr	r2, r3, #2
 323 0064 3B68     		ldr	r3, [r7]
 324 0066 5A60     		str	r2, [r3, #4]
 325              	.L22:
 277:Drivers/STM32F1xx_HAL_Driver/Src/stm32f1xx_hal_exti.c ****   }
 278:Drivers/STM32F1xx_HAL_Driver/Src/stm32f1xx_hal_exti.c **** 
 279:Drivers/STM32F1xx_HAL_Driver/Src/stm32f1xx_hal_exti.c ****   /* 2] Get trigger for configurable lines : rising */
 280:Drivers/STM32F1xx_HAL_Driver/Src/stm32f1xx_hal_exti.c ****   if ((pExtiConfig->Line & EXTI_CONFIG) != 0x00u)
 326              		.loc 1 280 0
 327 0068 3B68     		ldr	r3, [r7]
 328 006a 1B68     		ldr	r3, [r3]
 329 006c 03F00073 		and	r3, r3, #33554432
 330 0070 002B     		cmp	r3, #0
 331 0072 36D0     		beq	.L23
 281:Drivers/STM32F1xx_HAL_Driver/Src/stm32f1xx_hal_exti.c ****   {
 282:Drivers/STM32F1xx_HAL_Driver/Src/stm32f1xx_hal_exti.c ****     /* Check if configuration of selected line is enable */
 283:Drivers/STM32F1xx_HAL_Driver/Src/stm32f1xx_hal_exti.c ****     if ((EXTI->RTSR & maskline) != 0x00u)
 332              		.loc 1 283 0
 333 0074 214B     		ldr	r3, .L30
 334 0076 9A68     		ldr	r2, [r3, #8]
 335 0078 3B69     		ldr	r3, [r7, #16]
 336 007a 1340     		ands	r3, r3, r2
 337 007c 002B     		cmp	r3, #0
 338 007e 03D0     		beq	.L24
 284:Drivers/STM32F1xx_HAL_Driver/Src/stm32f1xx_hal_exti.c ****     {
 285:Drivers/STM32F1xx_HAL_Driver/Src/stm32f1xx_hal_exti.c ****       pExtiConfig->Trigger = EXTI_TRIGGER_RISING;
 339              		.loc 1 285 0
 340 0080 3B68     		ldr	r3, [r7]
 341 0082 0122     		movs	r2, #1
 342 0084 9A60     		str	r2, [r3, #8]
 343 0086 02E0     		b	.L25
 344              	.L24:
 286:Drivers/STM32F1xx_HAL_Driver/Src/stm32f1xx_hal_exti.c ****     }
ARM GAS  /tmp/ccDX0alU.s 			page 12


 287:Drivers/STM32F1xx_HAL_Driver/Src/stm32f1xx_hal_exti.c ****     else
 288:Drivers/STM32F1xx_HAL_Driver/Src/stm32f1xx_hal_exti.c ****     {
 289:Drivers/STM32F1xx_HAL_Driver/Src/stm32f1xx_hal_exti.c ****       pExtiConfig->Trigger = EXTI_TRIGGER_NONE;
 345              		.loc 1 289 0
 346 0088 3B68     		ldr	r3, [r7]
 347 008a 0022     		movs	r2, #0
 348 008c 9A60     		str	r2, [r3, #8]
 349              	.L25:
 290:Drivers/STM32F1xx_HAL_Driver/Src/stm32f1xx_hal_exti.c ****     }
 291:Drivers/STM32F1xx_HAL_Driver/Src/stm32f1xx_hal_exti.c **** 
 292:Drivers/STM32F1xx_HAL_Driver/Src/stm32f1xx_hal_exti.c ****     /* Get falling configuration */
 293:Drivers/STM32F1xx_HAL_Driver/Src/stm32f1xx_hal_exti.c ****     /* Check if configuration of selected line is enable */
 294:Drivers/STM32F1xx_HAL_Driver/Src/stm32f1xx_hal_exti.c ****     if ((EXTI->FTSR & maskline) != 0x00u)
 350              		.loc 1 294 0
 351 008e 1B4B     		ldr	r3, .L30
 352 0090 DA68     		ldr	r2, [r3, #12]
 353 0092 3B69     		ldr	r3, [r7, #16]
 354 0094 1340     		ands	r3, r3, r2
 355 0096 002B     		cmp	r3, #0
 356 0098 05D0     		beq	.L26
 295:Drivers/STM32F1xx_HAL_Driver/Src/stm32f1xx_hal_exti.c ****     {
 296:Drivers/STM32F1xx_HAL_Driver/Src/stm32f1xx_hal_exti.c ****       pExtiConfig->Trigger |= EXTI_TRIGGER_FALLING;
 357              		.loc 1 296 0
 358 009a 3B68     		ldr	r3, [r7]
 359 009c 9B68     		ldr	r3, [r3, #8]
 360 009e 43F00202 		orr	r2, r3, #2
 361 00a2 3B68     		ldr	r3, [r7]
 362 00a4 9A60     		str	r2, [r3, #8]
 363              	.L26:
 297:Drivers/STM32F1xx_HAL_Driver/Src/stm32f1xx_hal_exti.c ****     }
 298:Drivers/STM32F1xx_HAL_Driver/Src/stm32f1xx_hal_exti.c **** 
 299:Drivers/STM32F1xx_HAL_Driver/Src/stm32f1xx_hal_exti.c ****     /* Get Gpio port selection for gpio lines */
 300:Drivers/STM32F1xx_HAL_Driver/Src/stm32f1xx_hal_exti.c ****     if ((pExtiConfig->Line & EXTI_GPIO) == EXTI_GPIO)
 364              		.loc 1 300 0
 365 00a6 3B68     		ldr	r3, [r7]
 366 00a8 1B68     		ldr	r3, [r3]
 367 00aa 03F0C063 		and	r3, r3, #100663296
 368 00ae B3F1C06F 		cmp	r3, #100663296
 369 00b2 12D1     		bne	.L27
 301:Drivers/STM32F1xx_HAL_Driver/Src/stm32f1xx_hal_exti.c ****     {
 302:Drivers/STM32F1xx_HAL_Driver/Src/stm32f1xx_hal_exti.c ****       assert_param(IS_EXTI_GPIO_PIN(linepos));
 303:Drivers/STM32F1xx_HAL_Driver/Src/stm32f1xx_hal_exti.c **** 
 304:Drivers/STM32F1xx_HAL_Driver/Src/stm32f1xx_hal_exti.c ****       regval = AFIO->EXTICR[linepos >> 2u];
 370              		.loc 1 304 0
 371 00b4 124A     		ldr	r2, .L30+4
 372 00b6 7B69     		ldr	r3, [r7, #20]
 373 00b8 9B08     		lsrs	r3, r3, #2
 374 00ba 0233     		adds	r3, r3, #2
 375 00bc 52F82330 		ldr	r3, [r2, r3, lsl #2]
 376 00c0 FB60     		str	r3, [r7, #12]
 305:Drivers/STM32F1xx_HAL_Driver/Src/stm32f1xx_hal_exti.c ****       pExtiConfig->GPIOSel = ((regval << (AFIO_EXTICR1_EXTI1_Pos * (3uL - (linepos & 0x03u)))) >> 2
 377              		.loc 1 305 0
 378 00c2 7B69     		ldr	r3, [r7, #20]
 379 00c4 DB43     		mvns	r3, r3
 380 00c6 03F00303 		and	r3, r3, #3
 381 00ca 9B00     		lsls	r3, r3, #2
 382 00cc FA68     		ldr	r2, [r7, #12]
ARM GAS  /tmp/ccDX0alU.s 			page 13


 383 00ce 02FA03F3 		lsl	r3, r2, r3
 384 00d2 1A0E     		lsrs	r2, r3, #24
 385 00d4 3B68     		ldr	r3, [r7]
 386 00d6 DA60     		str	r2, [r3, #12]
 387 00d8 09E0     		b	.L29
 388              	.L27:
 306:Drivers/STM32F1xx_HAL_Driver/Src/stm32f1xx_hal_exti.c ****     }
 307:Drivers/STM32F1xx_HAL_Driver/Src/stm32f1xx_hal_exti.c ****     else
 308:Drivers/STM32F1xx_HAL_Driver/Src/stm32f1xx_hal_exti.c ****     {
 309:Drivers/STM32F1xx_HAL_Driver/Src/stm32f1xx_hal_exti.c ****       pExtiConfig->GPIOSel = 0x00u;
 389              		.loc 1 309 0
 390 00da 3B68     		ldr	r3, [r7]
 391 00dc 0022     		movs	r2, #0
 392 00de DA60     		str	r2, [r3, #12]
 393 00e0 05E0     		b	.L29
 394              	.L23:
 310:Drivers/STM32F1xx_HAL_Driver/Src/stm32f1xx_hal_exti.c ****     }
 311:Drivers/STM32F1xx_HAL_Driver/Src/stm32f1xx_hal_exti.c ****   }
 312:Drivers/STM32F1xx_HAL_Driver/Src/stm32f1xx_hal_exti.c ****   else
 313:Drivers/STM32F1xx_HAL_Driver/Src/stm32f1xx_hal_exti.c ****   {
 314:Drivers/STM32F1xx_HAL_Driver/Src/stm32f1xx_hal_exti.c ****     /* No Trigger selected */
 315:Drivers/STM32F1xx_HAL_Driver/Src/stm32f1xx_hal_exti.c ****     pExtiConfig->Trigger = EXTI_TRIGGER_NONE;
 395              		.loc 1 315 0
 396 00e2 3B68     		ldr	r3, [r7]
 397 00e4 0022     		movs	r2, #0
 398 00e6 9A60     		str	r2, [r3, #8]
 316:Drivers/STM32F1xx_HAL_Driver/Src/stm32f1xx_hal_exti.c ****     pExtiConfig->GPIOSel = 0x00u;
 399              		.loc 1 316 0
 400 00e8 3B68     		ldr	r3, [r7]
 401 00ea 0022     		movs	r2, #0
 402 00ec DA60     		str	r2, [r3, #12]
 403              	.L29:
 317:Drivers/STM32F1xx_HAL_Driver/Src/stm32f1xx_hal_exti.c ****   }
 318:Drivers/STM32F1xx_HAL_Driver/Src/stm32f1xx_hal_exti.c **** 
 319:Drivers/STM32F1xx_HAL_Driver/Src/stm32f1xx_hal_exti.c ****   return HAL_OK;
 404              		.loc 1 319 0
 405 00ee 0023     		movs	r3, #0
 406              	.L19:
 320:Drivers/STM32F1xx_HAL_Driver/Src/stm32f1xx_hal_exti.c **** }
 407              		.loc 1 320 0
 408 00f0 1846     		mov	r0, r3
 409 00f2 1C37     		adds	r7, r7, #28
 410              	.LCFI9:
 411              		.cfi_def_cfa_offset 4
 412 00f4 BD46     		mov	sp, r7
 413              	.LCFI10:
 414              		.cfi_def_cfa_register 13
 415              		@ sp needed
 416 00f6 80BC     		pop	{r7}
 417              	.LCFI11:
 418              		.cfi_restore 7
 419              		.cfi_def_cfa_offset 0
 420 00f8 7047     		bx	lr
 421              	.L31:
 422 00fa 00BF     		.align	2
 423              	.L30:
 424 00fc 00040140 		.word	1073808384
ARM GAS  /tmp/ccDX0alU.s 			page 14


 425 0100 00000140 		.word	1073807360
 426              		.cfi_endproc
 427              	.LFE66:
 429              		.section	.text.HAL_EXTI_ClearConfigLine,"ax",%progbits
 430              		.align	1
 431              		.global	HAL_EXTI_ClearConfigLine
 432              		.syntax unified
 433              		.thumb
 434              		.thumb_func
 435              		.fpu softvfp
 437              	HAL_EXTI_ClearConfigLine:
 438              	.LFB67:
 321:Drivers/STM32F1xx_HAL_Driver/Src/stm32f1xx_hal_exti.c **** 
 322:Drivers/STM32F1xx_HAL_Driver/Src/stm32f1xx_hal_exti.c **** /**
 323:Drivers/STM32F1xx_HAL_Driver/Src/stm32f1xx_hal_exti.c ****   * @brief  Clear whole configuration of a dedicated Exti line.
 324:Drivers/STM32F1xx_HAL_Driver/Src/stm32f1xx_hal_exti.c ****   * @param  hexti Exti handle.
 325:Drivers/STM32F1xx_HAL_Driver/Src/stm32f1xx_hal_exti.c ****   * @retval HAL Status.
 326:Drivers/STM32F1xx_HAL_Driver/Src/stm32f1xx_hal_exti.c ****   */
 327:Drivers/STM32F1xx_HAL_Driver/Src/stm32f1xx_hal_exti.c **** HAL_StatusTypeDef HAL_EXTI_ClearConfigLine(EXTI_HandleTypeDef *hexti)
 328:Drivers/STM32F1xx_HAL_Driver/Src/stm32f1xx_hal_exti.c **** {
 439              		.loc 1 328 0
 440              		.cfi_startproc
 441              		@ args = 0, pretend = 0, frame = 24
 442              		@ frame_needed = 1, uses_anonymous_args = 0
 443              		@ link register save eliminated.
 444 0000 80B4     		push	{r7}
 445              	.LCFI12:
 446              		.cfi_def_cfa_offset 4
 447              		.cfi_offset 7, -4
 448 0002 87B0     		sub	sp, sp, #28
 449              	.LCFI13:
 450              		.cfi_def_cfa_offset 32
 451 0004 00AF     		add	r7, sp, #0
 452              	.LCFI14:
 453              		.cfi_def_cfa_register 7
 454 0006 7860     		str	r0, [r7, #4]
 329:Drivers/STM32F1xx_HAL_Driver/Src/stm32f1xx_hal_exti.c ****   uint32_t regval;
 330:Drivers/STM32F1xx_HAL_Driver/Src/stm32f1xx_hal_exti.c ****   uint32_t linepos;
 331:Drivers/STM32F1xx_HAL_Driver/Src/stm32f1xx_hal_exti.c ****   uint32_t maskline;
 332:Drivers/STM32F1xx_HAL_Driver/Src/stm32f1xx_hal_exti.c **** 
 333:Drivers/STM32F1xx_HAL_Driver/Src/stm32f1xx_hal_exti.c ****   /* Check null pointer */
 334:Drivers/STM32F1xx_HAL_Driver/Src/stm32f1xx_hal_exti.c ****   if (hexti == NULL)
 455              		.loc 1 334 0
 456 0008 7B68     		ldr	r3, [r7, #4]
 457 000a 002B     		cmp	r3, #0
 458 000c 01D1     		bne	.L33
 335:Drivers/STM32F1xx_HAL_Driver/Src/stm32f1xx_hal_exti.c ****   {
 336:Drivers/STM32F1xx_HAL_Driver/Src/stm32f1xx_hal_exti.c ****     return HAL_ERROR;
 459              		.loc 1 336 0
 460 000e 0123     		movs	r3, #1
 461 0010 4CE0     		b	.L34
 462              	.L33:
 337:Drivers/STM32F1xx_HAL_Driver/Src/stm32f1xx_hal_exti.c ****   }
 338:Drivers/STM32F1xx_HAL_Driver/Src/stm32f1xx_hal_exti.c **** 
 339:Drivers/STM32F1xx_HAL_Driver/Src/stm32f1xx_hal_exti.c ****   /* Check the parameter */
 340:Drivers/STM32F1xx_HAL_Driver/Src/stm32f1xx_hal_exti.c ****   assert_param(IS_EXTI_LINE(hexti->Line));
 341:Drivers/STM32F1xx_HAL_Driver/Src/stm32f1xx_hal_exti.c **** 
ARM GAS  /tmp/ccDX0alU.s 			page 15


 342:Drivers/STM32F1xx_HAL_Driver/Src/stm32f1xx_hal_exti.c ****   /* compute line mask */
 343:Drivers/STM32F1xx_HAL_Driver/Src/stm32f1xx_hal_exti.c ****   linepos = (hexti->Line & EXTI_PIN_MASK);
 463              		.loc 1 343 0
 464 0012 7B68     		ldr	r3, [r7, #4]
 465 0014 1B68     		ldr	r3, [r3]
 466 0016 03F01F03 		and	r3, r3, #31
 467 001a 7B61     		str	r3, [r7, #20]
 344:Drivers/STM32F1xx_HAL_Driver/Src/stm32f1xx_hal_exti.c ****   maskline = (1uL << linepos);
 468              		.loc 1 344 0
 469 001c 0122     		movs	r2, #1
 470 001e 7B69     		ldr	r3, [r7, #20]
 471 0020 02FA03F3 		lsl	r3, r2, r3
 472 0024 3B61     		str	r3, [r7, #16]
 345:Drivers/STM32F1xx_HAL_Driver/Src/stm32f1xx_hal_exti.c **** 
 346:Drivers/STM32F1xx_HAL_Driver/Src/stm32f1xx_hal_exti.c ****   /* 1] Clear interrupt mode */
 347:Drivers/STM32F1xx_HAL_Driver/Src/stm32f1xx_hal_exti.c ****   EXTI->IMR = (EXTI->IMR & ~maskline);
 473              		.loc 1 347 0
 474 0026 244B     		ldr	r3, .L36
 475 0028 1A68     		ldr	r2, [r3]
 476 002a 3B69     		ldr	r3, [r7, #16]
 477 002c DB43     		mvns	r3, r3
 478 002e 2249     		ldr	r1, .L36
 479 0030 1340     		ands	r3, r3, r2
 480 0032 0B60     		str	r3, [r1]
 348:Drivers/STM32F1xx_HAL_Driver/Src/stm32f1xx_hal_exti.c **** 
 349:Drivers/STM32F1xx_HAL_Driver/Src/stm32f1xx_hal_exti.c ****   /* 2] Clear event mode */
 350:Drivers/STM32F1xx_HAL_Driver/Src/stm32f1xx_hal_exti.c ****   EXTI->EMR = (EXTI->EMR & ~maskline);
 481              		.loc 1 350 0
 482 0034 204B     		ldr	r3, .L36
 483 0036 5A68     		ldr	r2, [r3, #4]
 484 0038 3B69     		ldr	r3, [r7, #16]
 485 003a DB43     		mvns	r3, r3
 486 003c 1E49     		ldr	r1, .L36
 487 003e 1340     		ands	r3, r3, r2
 488 0040 4B60     		str	r3, [r1, #4]
 351:Drivers/STM32F1xx_HAL_Driver/Src/stm32f1xx_hal_exti.c **** 
 352:Drivers/STM32F1xx_HAL_Driver/Src/stm32f1xx_hal_exti.c ****   /* 3] Clear triggers in case of configurable lines */
 353:Drivers/STM32F1xx_HAL_Driver/Src/stm32f1xx_hal_exti.c ****   if ((hexti->Line & EXTI_CONFIG) != 0x00u)
 489              		.loc 1 353 0
 490 0042 7B68     		ldr	r3, [r7, #4]
 491 0044 1B68     		ldr	r3, [r3]
 492 0046 03F00073 		and	r3, r3, #33554432
 493 004a 002B     		cmp	r3, #0
 494 004c 2DD0     		beq	.L35
 354:Drivers/STM32F1xx_HAL_Driver/Src/stm32f1xx_hal_exti.c ****   {
 355:Drivers/STM32F1xx_HAL_Driver/Src/stm32f1xx_hal_exti.c ****     EXTI->RTSR = (EXTI->RTSR & ~maskline);
 495              		.loc 1 355 0
 496 004e 1A4B     		ldr	r3, .L36
 497 0050 9A68     		ldr	r2, [r3, #8]
 498 0052 3B69     		ldr	r3, [r7, #16]
 499 0054 DB43     		mvns	r3, r3
 500 0056 1849     		ldr	r1, .L36
 501 0058 1340     		ands	r3, r3, r2
 502 005a 8B60     		str	r3, [r1, #8]
 356:Drivers/STM32F1xx_HAL_Driver/Src/stm32f1xx_hal_exti.c ****     EXTI->FTSR = (EXTI->FTSR & ~maskline);
 503              		.loc 1 356 0
 504 005c 164B     		ldr	r3, .L36
ARM GAS  /tmp/ccDX0alU.s 			page 16


 505 005e DA68     		ldr	r2, [r3, #12]
 506 0060 3B69     		ldr	r3, [r7, #16]
 507 0062 DB43     		mvns	r3, r3
 508 0064 1449     		ldr	r1, .L36
 509 0066 1340     		ands	r3, r3, r2
 510 0068 CB60     		str	r3, [r1, #12]
 357:Drivers/STM32F1xx_HAL_Driver/Src/stm32f1xx_hal_exti.c **** 
 358:Drivers/STM32F1xx_HAL_Driver/Src/stm32f1xx_hal_exti.c ****     /* Get Gpio port selection for gpio lines */
 359:Drivers/STM32F1xx_HAL_Driver/Src/stm32f1xx_hal_exti.c ****     if ((hexti->Line & EXTI_GPIO) == EXTI_GPIO)
 511              		.loc 1 359 0
 512 006a 7B68     		ldr	r3, [r7, #4]
 513 006c 1B68     		ldr	r3, [r3]
 514 006e 03F0C063 		and	r3, r3, #100663296
 515 0072 B3F1C06F 		cmp	r3, #100663296
 516 0076 18D1     		bne	.L35
 360:Drivers/STM32F1xx_HAL_Driver/Src/stm32f1xx_hal_exti.c ****     {
 361:Drivers/STM32F1xx_HAL_Driver/Src/stm32f1xx_hal_exti.c ****       assert_param(IS_EXTI_GPIO_PIN(linepos));
 362:Drivers/STM32F1xx_HAL_Driver/Src/stm32f1xx_hal_exti.c **** 
 363:Drivers/STM32F1xx_HAL_Driver/Src/stm32f1xx_hal_exti.c ****       regval = AFIO->EXTICR[linepos >> 2u];
 517              		.loc 1 363 0
 518 0078 104A     		ldr	r2, .L36+4
 519 007a 7B69     		ldr	r3, [r7, #20]
 520 007c 9B08     		lsrs	r3, r3, #2
 521 007e 0233     		adds	r3, r3, #2
 522 0080 52F82330 		ldr	r3, [r2, r3, lsl #2]
 523 0084 FB60     		str	r3, [r7, #12]
 364:Drivers/STM32F1xx_HAL_Driver/Src/stm32f1xx_hal_exti.c ****       regval &= ~(AFIO_EXTICR1_EXTI0 << (AFIO_EXTICR1_EXTI1_Pos * (linepos & 0x03u)));
 524              		.loc 1 364 0
 525 0086 7B69     		ldr	r3, [r7, #20]
 526 0088 03F00303 		and	r3, r3, #3
 527 008c 9B00     		lsls	r3, r3, #2
 528 008e 0F22     		movs	r2, #15
 529 0090 02FA03F3 		lsl	r3, r2, r3
 530 0094 DB43     		mvns	r3, r3
 531 0096 FA68     		ldr	r2, [r7, #12]
 532 0098 1340     		ands	r3, r3, r2
 533 009a FB60     		str	r3, [r7, #12]
 365:Drivers/STM32F1xx_HAL_Driver/Src/stm32f1xx_hal_exti.c ****       AFIO->EXTICR[linepos >> 2u] = regval;
 534              		.loc 1 365 0
 535 009c 0749     		ldr	r1, .L36+4
 536 009e 7B69     		ldr	r3, [r7, #20]
 537 00a0 9B08     		lsrs	r3, r3, #2
 538 00a2 0233     		adds	r3, r3, #2
 539 00a4 FA68     		ldr	r2, [r7, #12]
 540 00a6 41F82320 		str	r2, [r1, r3, lsl #2]
 541              	.L35:
 366:Drivers/STM32F1xx_HAL_Driver/Src/stm32f1xx_hal_exti.c ****     }
 367:Drivers/STM32F1xx_HAL_Driver/Src/stm32f1xx_hal_exti.c ****   }
 368:Drivers/STM32F1xx_HAL_Driver/Src/stm32f1xx_hal_exti.c **** 
 369:Drivers/STM32F1xx_HAL_Driver/Src/stm32f1xx_hal_exti.c ****   return HAL_OK;
 542              		.loc 1 369 0
 543 00aa 0023     		movs	r3, #0
 544              	.L34:
 370:Drivers/STM32F1xx_HAL_Driver/Src/stm32f1xx_hal_exti.c **** }
 545              		.loc 1 370 0
 546 00ac 1846     		mov	r0, r3
 547 00ae 1C37     		adds	r7, r7, #28
ARM GAS  /tmp/ccDX0alU.s 			page 17


 548              	.LCFI15:
 549              		.cfi_def_cfa_offset 4
 550 00b0 BD46     		mov	sp, r7
 551              	.LCFI16:
 552              		.cfi_def_cfa_register 13
 553              		@ sp needed
 554 00b2 80BC     		pop	{r7}
 555              	.LCFI17:
 556              		.cfi_restore 7
 557              		.cfi_def_cfa_offset 0
 558 00b4 7047     		bx	lr
 559              	.L37:
 560 00b6 00BF     		.align	2
 561              	.L36:
 562 00b8 00040140 		.word	1073808384
 563 00bc 00000140 		.word	1073807360
 564              		.cfi_endproc
 565              	.LFE67:
 567              		.section	.text.HAL_EXTI_RegisterCallback,"ax",%progbits
 568              		.align	1
 569              		.global	HAL_EXTI_RegisterCallback
 570              		.syntax unified
 571              		.thumb
 572              		.thumb_func
 573              		.fpu softvfp
 575              	HAL_EXTI_RegisterCallback:
 576              	.LFB68:
 371:Drivers/STM32F1xx_HAL_Driver/Src/stm32f1xx_hal_exti.c **** 
 372:Drivers/STM32F1xx_HAL_Driver/Src/stm32f1xx_hal_exti.c **** /**
 373:Drivers/STM32F1xx_HAL_Driver/Src/stm32f1xx_hal_exti.c ****   * @brief  Register callback for a dedicated Exti line.
 374:Drivers/STM32F1xx_HAL_Driver/Src/stm32f1xx_hal_exti.c ****   * @param  hexti Exti handle.
 375:Drivers/STM32F1xx_HAL_Driver/Src/stm32f1xx_hal_exti.c ****   * @param  CallbackID User callback identifier.
 376:Drivers/STM32F1xx_HAL_Driver/Src/stm32f1xx_hal_exti.c ****   *         This parameter can be one of @arg @ref EXTI_CallbackIDTypeDef values.
 377:Drivers/STM32F1xx_HAL_Driver/Src/stm32f1xx_hal_exti.c ****   * @param  pPendingCbfn function pointer to be stored as callback.
 378:Drivers/STM32F1xx_HAL_Driver/Src/stm32f1xx_hal_exti.c ****   * @retval HAL Status.
 379:Drivers/STM32F1xx_HAL_Driver/Src/stm32f1xx_hal_exti.c ****   */
 380:Drivers/STM32F1xx_HAL_Driver/Src/stm32f1xx_hal_exti.c **** HAL_StatusTypeDef HAL_EXTI_RegisterCallback(EXTI_HandleTypeDef *hexti, EXTI_CallbackIDTypeDef Callb
 381:Drivers/STM32F1xx_HAL_Driver/Src/stm32f1xx_hal_exti.c **** {
 577              		.loc 1 381 0
 578              		.cfi_startproc
 579              		@ args = 0, pretend = 0, frame = 24
 580              		@ frame_needed = 1, uses_anonymous_args = 0
 581              		@ link register save eliminated.
 582 0000 80B4     		push	{r7}
 583              	.LCFI18:
 584              		.cfi_def_cfa_offset 4
 585              		.cfi_offset 7, -4
 586 0002 87B0     		sub	sp, sp, #28
 587              	.LCFI19:
 588              		.cfi_def_cfa_offset 32
 589 0004 00AF     		add	r7, sp, #0
 590              	.LCFI20:
 591              		.cfi_def_cfa_register 7
 592 0006 F860     		str	r0, [r7, #12]
 593 0008 0B46     		mov	r3, r1
 594 000a 7A60     		str	r2, [r7, #4]
 595 000c FB72     		strb	r3, [r7, #11]
ARM GAS  /tmp/ccDX0alU.s 			page 18


 382:Drivers/STM32F1xx_HAL_Driver/Src/stm32f1xx_hal_exti.c ****   HAL_StatusTypeDef status = HAL_OK;
 596              		.loc 1 382 0
 597 000e 0023     		movs	r3, #0
 598 0010 FB75     		strb	r3, [r7, #23]
 383:Drivers/STM32F1xx_HAL_Driver/Src/stm32f1xx_hal_exti.c **** 
 384:Drivers/STM32F1xx_HAL_Driver/Src/stm32f1xx_hal_exti.c ****   switch (CallbackID)
 599              		.loc 1 384 0
 600 0012 FB7A     		ldrb	r3, [r7, #11]	@ zero_extendqisi2
 601 0014 002B     		cmp	r3, #0
 602 0016 03D1     		bne	.L43
 385:Drivers/STM32F1xx_HAL_Driver/Src/stm32f1xx_hal_exti.c ****   {
 386:Drivers/STM32F1xx_HAL_Driver/Src/stm32f1xx_hal_exti.c ****     case  HAL_EXTI_COMMON_CB_ID:
 387:Drivers/STM32F1xx_HAL_Driver/Src/stm32f1xx_hal_exti.c ****       hexti->PendingCallback = pPendingCbfn;
 603              		.loc 1 387 0
 604 0018 FB68     		ldr	r3, [r7, #12]
 605 001a 7A68     		ldr	r2, [r7, #4]
 606 001c 5A60     		str	r2, [r3, #4]
 388:Drivers/STM32F1xx_HAL_Driver/Src/stm32f1xx_hal_exti.c ****       break;
 607              		.loc 1 388 0
 608 001e 02E0     		b	.L41
 609              	.L43:
 389:Drivers/STM32F1xx_HAL_Driver/Src/stm32f1xx_hal_exti.c **** 
 390:Drivers/STM32F1xx_HAL_Driver/Src/stm32f1xx_hal_exti.c ****     default:
 391:Drivers/STM32F1xx_HAL_Driver/Src/stm32f1xx_hal_exti.c ****       status = HAL_ERROR;
 610              		.loc 1 391 0
 611 0020 0123     		movs	r3, #1
 612 0022 FB75     		strb	r3, [r7, #23]
 392:Drivers/STM32F1xx_HAL_Driver/Src/stm32f1xx_hal_exti.c ****       break;
 613              		.loc 1 392 0
 614 0024 00BF     		nop
 615              	.L41:
 393:Drivers/STM32F1xx_HAL_Driver/Src/stm32f1xx_hal_exti.c ****   }
 394:Drivers/STM32F1xx_HAL_Driver/Src/stm32f1xx_hal_exti.c **** 
 395:Drivers/STM32F1xx_HAL_Driver/Src/stm32f1xx_hal_exti.c ****   return status;
 616              		.loc 1 395 0
 617 0026 FB7D     		ldrb	r3, [r7, #23]	@ zero_extendqisi2
 396:Drivers/STM32F1xx_HAL_Driver/Src/stm32f1xx_hal_exti.c **** }
 618              		.loc 1 396 0
 619 0028 1846     		mov	r0, r3
 620 002a 1C37     		adds	r7, r7, #28
 621              	.LCFI21:
 622              		.cfi_def_cfa_offset 4
 623 002c BD46     		mov	sp, r7
 624              	.LCFI22:
 625              		.cfi_def_cfa_register 13
 626              		@ sp needed
 627 002e 80BC     		pop	{r7}
 628              	.LCFI23:
 629              		.cfi_restore 7
 630              		.cfi_def_cfa_offset 0
 631 0030 7047     		bx	lr
 632              		.cfi_endproc
 633              	.LFE68:
 635              		.section	.text.HAL_EXTI_GetHandle,"ax",%progbits
 636              		.align	1
 637              		.global	HAL_EXTI_GetHandle
 638              		.syntax unified
ARM GAS  /tmp/ccDX0alU.s 			page 19


 639              		.thumb
 640              		.thumb_func
 641              		.fpu softvfp
 643              	HAL_EXTI_GetHandle:
 644              	.LFB69:
 397:Drivers/STM32F1xx_HAL_Driver/Src/stm32f1xx_hal_exti.c **** 
 398:Drivers/STM32F1xx_HAL_Driver/Src/stm32f1xx_hal_exti.c **** /**
 399:Drivers/STM32F1xx_HAL_Driver/Src/stm32f1xx_hal_exti.c ****   * @brief  Store line number as handle private field.
 400:Drivers/STM32F1xx_HAL_Driver/Src/stm32f1xx_hal_exti.c ****   * @param  hexti Exti handle.
 401:Drivers/STM32F1xx_HAL_Driver/Src/stm32f1xx_hal_exti.c ****   * @param  ExtiLine Exti line number.
 402:Drivers/STM32F1xx_HAL_Driver/Src/stm32f1xx_hal_exti.c ****   *         This parameter can be from 0 to @ref EXTI_LINE_NB.
 403:Drivers/STM32F1xx_HAL_Driver/Src/stm32f1xx_hal_exti.c ****   * @retval HAL Status.
 404:Drivers/STM32F1xx_HAL_Driver/Src/stm32f1xx_hal_exti.c ****   */
 405:Drivers/STM32F1xx_HAL_Driver/Src/stm32f1xx_hal_exti.c **** HAL_StatusTypeDef HAL_EXTI_GetHandle(EXTI_HandleTypeDef *hexti, uint32_t ExtiLine)
 406:Drivers/STM32F1xx_HAL_Driver/Src/stm32f1xx_hal_exti.c **** {
 645              		.loc 1 406 0
 646              		.cfi_startproc
 647              		@ args = 0, pretend = 0, frame = 8
 648              		@ frame_needed = 1, uses_anonymous_args = 0
 649              		@ link register save eliminated.
 650 0000 80B4     		push	{r7}
 651              	.LCFI24:
 652              		.cfi_def_cfa_offset 4
 653              		.cfi_offset 7, -4
 654 0002 83B0     		sub	sp, sp, #12
 655              	.LCFI25:
 656              		.cfi_def_cfa_offset 16
 657 0004 00AF     		add	r7, sp, #0
 658              	.LCFI26:
 659              		.cfi_def_cfa_register 7
 660 0006 7860     		str	r0, [r7, #4]
 661 0008 3960     		str	r1, [r7]
 407:Drivers/STM32F1xx_HAL_Driver/Src/stm32f1xx_hal_exti.c ****   /* Check the parameters */
 408:Drivers/STM32F1xx_HAL_Driver/Src/stm32f1xx_hal_exti.c ****   assert_param(IS_EXTI_LINE(ExtiLine));
 409:Drivers/STM32F1xx_HAL_Driver/Src/stm32f1xx_hal_exti.c **** 
 410:Drivers/STM32F1xx_HAL_Driver/Src/stm32f1xx_hal_exti.c ****   /* Check null pointer */
 411:Drivers/STM32F1xx_HAL_Driver/Src/stm32f1xx_hal_exti.c ****   if (hexti == NULL)
 662              		.loc 1 411 0
 663 000a 7B68     		ldr	r3, [r7, #4]
 664 000c 002B     		cmp	r3, #0
 665 000e 01D1     		bne	.L45
 412:Drivers/STM32F1xx_HAL_Driver/Src/stm32f1xx_hal_exti.c ****   {
 413:Drivers/STM32F1xx_HAL_Driver/Src/stm32f1xx_hal_exti.c ****     return HAL_ERROR;
 666              		.loc 1 413 0
 667 0010 0123     		movs	r3, #1
 668 0012 03E0     		b	.L46
 669              	.L45:
 414:Drivers/STM32F1xx_HAL_Driver/Src/stm32f1xx_hal_exti.c ****   }
 415:Drivers/STM32F1xx_HAL_Driver/Src/stm32f1xx_hal_exti.c ****   else
 416:Drivers/STM32F1xx_HAL_Driver/Src/stm32f1xx_hal_exti.c ****   {
 417:Drivers/STM32F1xx_HAL_Driver/Src/stm32f1xx_hal_exti.c ****     /* Store line number as handle private field */
 418:Drivers/STM32F1xx_HAL_Driver/Src/stm32f1xx_hal_exti.c ****     hexti->Line = ExtiLine;
 670              		.loc 1 418 0
 671 0014 7B68     		ldr	r3, [r7, #4]
 672 0016 3A68     		ldr	r2, [r7]
 673 0018 1A60     		str	r2, [r3]
 419:Drivers/STM32F1xx_HAL_Driver/Src/stm32f1xx_hal_exti.c **** 
ARM GAS  /tmp/ccDX0alU.s 			page 20


 420:Drivers/STM32F1xx_HAL_Driver/Src/stm32f1xx_hal_exti.c ****     return HAL_OK;
 674              		.loc 1 420 0
 675 001a 0023     		movs	r3, #0
 676              	.L46:
 421:Drivers/STM32F1xx_HAL_Driver/Src/stm32f1xx_hal_exti.c ****   }
 422:Drivers/STM32F1xx_HAL_Driver/Src/stm32f1xx_hal_exti.c **** }
 677              		.loc 1 422 0
 678 001c 1846     		mov	r0, r3
 679 001e 0C37     		adds	r7, r7, #12
 680              	.LCFI27:
 681              		.cfi_def_cfa_offset 4
 682 0020 BD46     		mov	sp, r7
 683              	.LCFI28:
 684              		.cfi_def_cfa_register 13
 685              		@ sp needed
 686 0022 80BC     		pop	{r7}
 687              	.LCFI29:
 688              		.cfi_restore 7
 689              		.cfi_def_cfa_offset 0
 690 0024 7047     		bx	lr
 691              		.cfi_endproc
 692              	.LFE69:
 694              		.section	.text.HAL_EXTI_IRQHandler,"ax",%progbits
 695              		.align	1
 696              		.global	HAL_EXTI_IRQHandler
 697              		.syntax unified
 698              		.thumb
 699              		.thumb_func
 700              		.fpu softvfp
 702              	HAL_EXTI_IRQHandler:
 703              	.LFB70:
 423:Drivers/STM32F1xx_HAL_Driver/Src/stm32f1xx_hal_exti.c **** 
 424:Drivers/STM32F1xx_HAL_Driver/Src/stm32f1xx_hal_exti.c **** /**
 425:Drivers/STM32F1xx_HAL_Driver/Src/stm32f1xx_hal_exti.c ****   * @}
 426:Drivers/STM32F1xx_HAL_Driver/Src/stm32f1xx_hal_exti.c ****   */
 427:Drivers/STM32F1xx_HAL_Driver/Src/stm32f1xx_hal_exti.c **** 
 428:Drivers/STM32F1xx_HAL_Driver/Src/stm32f1xx_hal_exti.c **** /** @addtogroup EXTI_Exported_Functions_Group2
 429:Drivers/STM32F1xx_HAL_Driver/Src/stm32f1xx_hal_exti.c ****   *  @brief EXTI IO functions.
 430:Drivers/STM32F1xx_HAL_Driver/Src/stm32f1xx_hal_exti.c ****   *
 431:Drivers/STM32F1xx_HAL_Driver/Src/stm32f1xx_hal_exti.c **** @verbatim
 432:Drivers/STM32F1xx_HAL_Driver/Src/stm32f1xx_hal_exti.c ****  ===============================================================================
 433:Drivers/STM32F1xx_HAL_Driver/Src/stm32f1xx_hal_exti.c ****                        ##### IO operation functions #####
 434:Drivers/STM32F1xx_HAL_Driver/Src/stm32f1xx_hal_exti.c ****  ===============================================================================
 435:Drivers/STM32F1xx_HAL_Driver/Src/stm32f1xx_hal_exti.c **** 
 436:Drivers/STM32F1xx_HAL_Driver/Src/stm32f1xx_hal_exti.c **** @endverbatim
 437:Drivers/STM32F1xx_HAL_Driver/Src/stm32f1xx_hal_exti.c ****   * @{
 438:Drivers/STM32F1xx_HAL_Driver/Src/stm32f1xx_hal_exti.c ****   */
 439:Drivers/STM32F1xx_HAL_Driver/Src/stm32f1xx_hal_exti.c **** 
 440:Drivers/STM32F1xx_HAL_Driver/Src/stm32f1xx_hal_exti.c **** /**
 441:Drivers/STM32F1xx_HAL_Driver/Src/stm32f1xx_hal_exti.c ****   * @brief  Handle EXTI interrupt request.
 442:Drivers/STM32F1xx_HAL_Driver/Src/stm32f1xx_hal_exti.c ****   * @param  hexti Exti handle.
 443:Drivers/STM32F1xx_HAL_Driver/Src/stm32f1xx_hal_exti.c ****   * @retval none.
 444:Drivers/STM32F1xx_HAL_Driver/Src/stm32f1xx_hal_exti.c ****   */
 445:Drivers/STM32F1xx_HAL_Driver/Src/stm32f1xx_hal_exti.c **** void HAL_EXTI_IRQHandler(EXTI_HandleTypeDef *hexti)
 446:Drivers/STM32F1xx_HAL_Driver/Src/stm32f1xx_hal_exti.c **** {
 704              		.loc 1 446 0
 705              		.cfi_startproc
ARM GAS  /tmp/ccDX0alU.s 			page 21


 706              		@ args = 0, pretend = 0, frame = 16
 707              		@ frame_needed = 1, uses_anonymous_args = 0
 708 0000 80B5     		push	{r7, lr}
 709              	.LCFI30:
 710              		.cfi_def_cfa_offset 8
 711              		.cfi_offset 7, -8
 712              		.cfi_offset 14, -4
 713 0002 84B0     		sub	sp, sp, #16
 714              	.LCFI31:
 715              		.cfi_def_cfa_offset 24
 716 0004 00AF     		add	r7, sp, #0
 717              	.LCFI32:
 718              		.cfi_def_cfa_register 7
 719 0006 7860     		str	r0, [r7, #4]
 447:Drivers/STM32F1xx_HAL_Driver/Src/stm32f1xx_hal_exti.c ****   uint32_t regval;
 448:Drivers/STM32F1xx_HAL_Driver/Src/stm32f1xx_hal_exti.c ****   uint32_t maskline;
 449:Drivers/STM32F1xx_HAL_Driver/Src/stm32f1xx_hal_exti.c **** 
 450:Drivers/STM32F1xx_HAL_Driver/Src/stm32f1xx_hal_exti.c ****   /* Compute line mask */
 451:Drivers/STM32F1xx_HAL_Driver/Src/stm32f1xx_hal_exti.c ****   maskline = (1uL << (hexti->Line & EXTI_PIN_MASK));
 720              		.loc 1 451 0
 721 0008 7B68     		ldr	r3, [r7, #4]
 722 000a 1B68     		ldr	r3, [r3]
 723 000c 03F01F03 		and	r3, r3, #31
 724 0010 0122     		movs	r2, #1
 725 0012 02FA03F3 		lsl	r3, r2, r3
 726 0016 FB60     		str	r3, [r7, #12]
 452:Drivers/STM32F1xx_HAL_Driver/Src/stm32f1xx_hal_exti.c **** 
 453:Drivers/STM32F1xx_HAL_Driver/Src/stm32f1xx_hal_exti.c ****   /* Get pending bit  */
 454:Drivers/STM32F1xx_HAL_Driver/Src/stm32f1xx_hal_exti.c ****   regval = (EXTI->PR & maskline);
 727              		.loc 1 454 0
 728 0018 0A4B     		ldr	r3, .L50
 729 001a 5B69     		ldr	r3, [r3, #20]
 730 001c FA68     		ldr	r2, [r7, #12]
 731 001e 1340     		ands	r3, r3, r2
 732 0020 BB60     		str	r3, [r7, #8]
 455:Drivers/STM32F1xx_HAL_Driver/Src/stm32f1xx_hal_exti.c ****   if (regval != 0x00u)
 733              		.loc 1 455 0
 734 0022 BB68     		ldr	r3, [r7, #8]
 735 0024 002B     		cmp	r3, #0
 736 0026 09D0     		beq	.L49
 456:Drivers/STM32F1xx_HAL_Driver/Src/stm32f1xx_hal_exti.c ****   {
 457:Drivers/STM32F1xx_HAL_Driver/Src/stm32f1xx_hal_exti.c ****     /* Clear pending bit */
 458:Drivers/STM32F1xx_HAL_Driver/Src/stm32f1xx_hal_exti.c ****     EXTI->PR = maskline;
 737              		.loc 1 458 0
 738 0028 064A     		ldr	r2, .L50
 739 002a FB68     		ldr	r3, [r7, #12]
 740 002c 5361     		str	r3, [r2, #20]
 459:Drivers/STM32F1xx_HAL_Driver/Src/stm32f1xx_hal_exti.c **** 
 460:Drivers/STM32F1xx_HAL_Driver/Src/stm32f1xx_hal_exti.c ****     /* Call callback */
 461:Drivers/STM32F1xx_HAL_Driver/Src/stm32f1xx_hal_exti.c ****     if (hexti->PendingCallback != NULL)
 741              		.loc 1 461 0
 742 002e 7B68     		ldr	r3, [r7, #4]
 743 0030 5B68     		ldr	r3, [r3, #4]
 744 0032 002B     		cmp	r3, #0
 745 0034 02D0     		beq	.L49
 462:Drivers/STM32F1xx_HAL_Driver/Src/stm32f1xx_hal_exti.c ****     {
 463:Drivers/STM32F1xx_HAL_Driver/Src/stm32f1xx_hal_exti.c ****       hexti->PendingCallback();
ARM GAS  /tmp/ccDX0alU.s 			page 22


 746              		.loc 1 463 0
 747 0036 7B68     		ldr	r3, [r7, #4]
 748 0038 5B68     		ldr	r3, [r3, #4]
 749 003a 9847     		blx	r3
 750              	.LVL0:
 751              	.L49:
 464:Drivers/STM32F1xx_HAL_Driver/Src/stm32f1xx_hal_exti.c ****     }
 465:Drivers/STM32F1xx_HAL_Driver/Src/stm32f1xx_hal_exti.c ****   }
 466:Drivers/STM32F1xx_HAL_Driver/Src/stm32f1xx_hal_exti.c **** }
 752              		.loc 1 466 0
 753 003c 00BF     		nop
 754 003e 1037     		adds	r7, r7, #16
 755              	.LCFI33:
 756              		.cfi_def_cfa_offset 8
 757 0040 BD46     		mov	sp, r7
 758              	.LCFI34:
 759              		.cfi_def_cfa_register 13
 760              		@ sp needed
 761 0042 80BD     		pop	{r7, pc}
 762              	.L51:
 763              		.align	2
 764              	.L50:
 765 0044 00040140 		.word	1073808384
 766              		.cfi_endproc
 767              	.LFE70:
 769              		.section	.text.HAL_EXTI_GetPending,"ax",%progbits
 770              		.align	1
 771              		.global	HAL_EXTI_GetPending
 772              		.syntax unified
 773              		.thumb
 774              		.thumb_func
 775              		.fpu softvfp
 777              	HAL_EXTI_GetPending:
 778              	.LFB71:
 467:Drivers/STM32F1xx_HAL_Driver/Src/stm32f1xx_hal_exti.c **** 
 468:Drivers/STM32F1xx_HAL_Driver/Src/stm32f1xx_hal_exti.c **** /**
 469:Drivers/STM32F1xx_HAL_Driver/Src/stm32f1xx_hal_exti.c ****   * @brief  Get interrupt pending bit of a dedicated line.
 470:Drivers/STM32F1xx_HAL_Driver/Src/stm32f1xx_hal_exti.c ****   * @param  hexti Exti handle.
 471:Drivers/STM32F1xx_HAL_Driver/Src/stm32f1xx_hal_exti.c ****   * @param  Edge Specify which pending edge as to be checked.
 472:Drivers/STM32F1xx_HAL_Driver/Src/stm32f1xx_hal_exti.c ****   *         This parameter can be one of the following values:
 473:Drivers/STM32F1xx_HAL_Driver/Src/stm32f1xx_hal_exti.c ****   *           @arg @ref EXTI_TRIGGER_RISING_FALLING
 474:Drivers/STM32F1xx_HAL_Driver/Src/stm32f1xx_hal_exti.c ****   *         This parameter is kept for compatibility with other series.
 475:Drivers/STM32F1xx_HAL_Driver/Src/stm32f1xx_hal_exti.c ****   * @retval 1 if interrupt is pending else 0.
 476:Drivers/STM32F1xx_HAL_Driver/Src/stm32f1xx_hal_exti.c ****   */
 477:Drivers/STM32F1xx_HAL_Driver/Src/stm32f1xx_hal_exti.c **** uint32_t HAL_EXTI_GetPending(EXTI_HandleTypeDef *hexti, uint32_t Edge)
 478:Drivers/STM32F1xx_HAL_Driver/Src/stm32f1xx_hal_exti.c **** {
 779              		.loc 1 478 0
 780              		.cfi_startproc
 781              		@ args = 0, pretend = 0, frame = 24
 782              		@ frame_needed = 1, uses_anonymous_args = 0
 783              		@ link register save eliminated.
 784 0000 80B4     		push	{r7}
 785              	.LCFI35:
 786              		.cfi_def_cfa_offset 4
 787              		.cfi_offset 7, -4
 788 0002 87B0     		sub	sp, sp, #28
 789              	.LCFI36:
ARM GAS  /tmp/ccDX0alU.s 			page 23


 790              		.cfi_def_cfa_offset 32
 791 0004 00AF     		add	r7, sp, #0
 792              	.LCFI37:
 793              		.cfi_def_cfa_register 7
 794 0006 7860     		str	r0, [r7, #4]
 795 0008 3960     		str	r1, [r7]
 479:Drivers/STM32F1xx_HAL_Driver/Src/stm32f1xx_hal_exti.c ****   uint32_t regval;
 480:Drivers/STM32F1xx_HAL_Driver/Src/stm32f1xx_hal_exti.c ****   uint32_t maskline;
 481:Drivers/STM32F1xx_HAL_Driver/Src/stm32f1xx_hal_exti.c ****   uint32_t linepos;
 482:Drivers/STM32F1xx_HAL_Driver/Src/stm32f1xx_hal_exti.c **** 
 483:Drivers/STM32F1xx_HAL_Driver/Src/stm32f1xx_hal_exti.c ****   /* Check parameters */
 484:Drivers/STM32F1xx_HAL_Driver/Src/stm32f1xx_hal_exti.c ****   assert_param(IS_EXTI_LINE(hexti->Line));
 485:Drivers/STM32F1xx_HAL_Driver/Src/stm32f1xx_hal_exti.c ****   assert_param(IS_EXTI_CONFIG_LINE(hexti->Line));
 486:Drivers/STM32F1xx_HAL_Driver/Src/stm32f1xx_hal_exti.c ****   assert_param(IS_EXTI_PENDING_EDGE(Edge));
 487:Drivers/STM32F1xx_HAL_Driver/Src/stm32f1xx_hal_exti.c **** 
 488:Drivers/STM32F1xx_HAL_Driver/Src/stm32f1xx_hal_exti.c ****   /* Compute line mask */
 489:Drivers/STM32F1xx_HAL_Driver/Src/stm32f1xx_hal_exti.c ****   linepos = (hexti->Line & EXTI_PIN_MASK);
 796              		.loc 1 489 0
 797 000a 7B68     		ldr	r3, [r7, #4]
 798 000c 1B68     		ldr	r3, [r3]
 799 000e 03F01F03 		and	r3, r3, #31
 800 0012 7B61     		str	r3, [r7, #20]
 490:Drivers/STM32F1xx_HAL_Driver/Src/stm32f1xx_hal_exti.c ****   maskline = (1uL << linepos);
 801              		.loc 1 490 0
 802 0014 0122     		movs	r2, #1
 803 0016 7B69     		ldr	r3, [r7, #20]
 804 0018 02FA03F3 		lsl	r3, r2, r3
 805 001c 3B61     		str	r3, [r7, #16]
 491:Drivers/STM32F1xx_HAL_Driver/Src/stm32f1xx_hal_exti.c **** 
 492:Drivers/STM32F1xx_HAL_Driver/Src/stm32f1xx_hal_exti.c ****   /* return 1 if bit is set else 0 */
 493:Drivers/STM32F1xx_HAL_Driver/Src/stm32f1xx_hal_exti.c ****   regval = ((EXTI->PR & maskline) >> linepos);
 806              		.loc 1 493 0
 807 001e 074B     		ldr	r3, .L54
 808 0020 5A69     		ldr	r2, [r3, #20]
 809 0022 3B69     		ldr	r3, [r7, #16]
 810 0024 1A40     		ands	r2, r2, r3
 811 0026 7B69     		ldr	r3, [r7, #20]
 812 0028 22FA03F3 		lsr	r3, r2, r3
 813 002c FB60     		str	r3, [r7, #12]
 494:Drivers/STM32F1xx_HAL_Driver/Src/stm32f1xx_hal_exti.c ****   return regval;
 814              		.loc 1 494 0
 815 002e FB68     		ldr	r3, [r7, #12]
 495:Drivers/STM32F1xx_HAL_Driver/Src/stm32f1xx_hal_exti.c **** }
 816              		.loc 1 495 0
 817 0030 1846     		mov	r0, r3
 818 0032 1C37     		adds	r7, r7, #28
 819              	.LCFI38:
 820              		.cfi_def_cfa_offset 4
 821 0034 BD46     		mov	sp, r7
 822              	.LCFI39:
 823              		.cfi_def_cfa_register 13
 824              		@ sp needed
 825 0036 80BC     		pop	{r7}
 826              	.LCFI40:
 827              		.cfi_restore 7
 828              		.cfi_def_cfa_offset 0
 829 0038 7047     		bx	lr
ARM GAS  /tmp/ccDX0alU.s 			page 24


 830              	.L55:
 831 003a 00BF     		.align	2
 832              	.L54:
 833 003c 00040140 		.word	1073808384
 834              		.cfi_endproc
 835              	.LFE71:
 837              		.section	.text.HAL_EXTI_ClearPending,"ax",%progbits
 838              		.align	1
 839              		.global	HAL_EXTI_ClearPending
 840              		.syntax unified
 841              		.thumb
 842              		.thumb_func
 843              		.fpu softvfp
 845              	HAL_EXTI_ClearPending:
 846              	.LFB72:
 496:Drivers/STM32F1xx_HAL_Driver/Src/stm32f1xx_hal_exti.c **** 
 497:Drivers/STM32F1xx_HAL_Driver/Src/stm32f1xx_hal_exti.c **** /**
 498:Drivers/STM32F1xx_HAL_Driver/Src/stm32f1xx_hal_exti.c ****   * @brief  Clear interrupt pending bit of a dedicated line.
 499:Drivers/STM32F1xx_HAL_Driver/Src/stm32f1xx_hal_exti.c ****   * @param  hexti Exti handle.
 500:Drivers/STM32F1xx_HAL_Driver/Src/stm32f1xx_hal_exti.c ****   * @param  Edge Specify which pending edge as to be clear.
 501:Drivers/STM32F1xx_HAL_Driver/Src/stm32f1xx_hal_exti.c ****   *         This parameter can be one of the following values:
 502:Drivers/STM32F1xx_HAL_Driver/Src/stm32f1xx_hal_exti.c ****   *           @arg @ref EXTI_TRIGGER_RISING_FALLING
 503:Drivers/STM32F1xx_HAL_Driver/Src/stm32f1xx_hal_exti.c ****   *         This parameter is kept for compatibility with other series.
 504:Drivers/STM32F1xx_HAL_Driver/Src/stm32f1xx_hal_exti.c ****   * @retval None.
 505:Drivers/STM32F1xx_HAL_Driver/Src/stm32f1xx_hal_exti.c ****   */
 506:Drivers/STM32F1xx_HAL_Driver/Src/stm32f1xx_hal_exti.c **** void HAL_EXTI_ClearPending(EXTI_HandleTypeDef *hexti, uint32_t Edge)
 507:Drivers/STM32F1xx_HAL_Driver/Src/stm32f1xx_hal_exti.c **** {
 847              		.loc 1 507 0
 848              		.cfi_startproc
 849              		@ args = 0, pretend = 0, frame = 16
 850              		@ frame_needed = 1, uses_anonymous_args = 0
 851              		@ link register save eliminated.
 852 0000 80B4     		push	{r7}
 853              	.LCFI41:
 854              		.cfi_def_cfa_offset 4
 855              		.cfi_offset 7, -4
 856 0002 85B0     		sub	sp, sp, #20
 857              	.LCFI42:
 858              		.cfi_def_cfa_offset 24
 859 0004 00AF     		add	r7, sp, #0
 860              	.LCFI43:
 861              		.cfi_def_cfa_register 7
 862 0006 7860     		str	r0, [r7, #4]
 863 0008 3960     		str	r1, [r7]
 508:Drivers/STM32F1xx_HAL_Driver/Src/stm32f1xx_hal_exti.c ****   uint32_t maskline;
 509:Drivers/STM32F1xx_HAL_Driver/Src/stm32f1xx_hal_exti.c **** 
 510:Drivers/STM32F1xx_HAL_Driver/Src/stm32f1xx_hal_exti.c ****   /* Check parameters */
 511:Drivers/STM32F1xx_HAL_Driver/Src/stm32f1xx_hal_exti.c ****   assert_param(IS_EXTI_LINE(hexti->Line));
 512:Drivers/STM32F1xx_HAL_Driver/Src/stm32f1xx_hal_exti.c ****   assert_param(IS_EXTI_CONFIG_LINE(hexti->Line));
 513:Drivers/STM32F1xx_HAL_Driver/Src/stm32f1xx_hal_exti.c ****   assert_param(IS_EXTI_PENDING_EDGE(Edge));
 514:Drivers/STM32F1xx_HAL_Driver/Src/stm32f1xx_hal_exti.c **** 
 515:Drivers/STM32F1xx_HAL_Driver/Src/stm32f1xx_hal_exti.c ****   /* Compute line mask */
 516:Drivers/STM32F1xx_HAL_Driver/Src/stm32f1xx_hal_exti.c ****   maskline = (1uL << (hexti->Line & EXTI_PIN_MASK));
 864              		.loc 1 516 0
 865 000a 7B68     		ldr	r3, [r7, #4]
 866 000c 1B68     		ldr	r3, [r3]
 867 000e 03F01F03 		and	r3, r3, #31
ARM GAS  /tmp/ccDX0alU.s 			page 25


 868 0012 0122     		movs	r2, #1
 869 0014 02FA03F3 		lsl	r3, r2, r3
 870 0018 FB60     		str	r3, [r7, #12]
 517:Drivers/STM32F1xx_HAL_Driver/Src/stm32f1xx_hal_exti.c **** 
 518:Drivers/STM32F1xx_HAL_Driver/Src/stm32f1xx_hal_exti.c ****   /* Clear Pending bit */
 519:Drivers/STM32F1xx_HAL_Driver/Src/stm32f1xx_hal_exti.c ****   EXTI->PR =  maskline;
 871              		.loc 1 519 0
 872 001a 044A     		ldr	r2, .L57
 873 001c FB68     		ldr	r3, [r7, #12]
 874 001e 5361     		str	r3, [r2, #20]
 520:Drivers/STM32F1xx_HAL_Driver/Src/stm32f1xx_hal_exti.c **** }
 875              		.loc 1 520 0
 876 0020 00BF     		nop
 877 0022 1437     		adds	r7, r7, #20
 878              	.LCFI44:
 879              		.cfi_def_cfa_offset 4
 880 0024 BD46     		mov	sp, r7
 881              	.LCFI45:
 882              		.cfi_def_cfa_register 13
 883              		@ sp needed
 884 0026 80BC     		pop	{r7}
 885              	.LCFI46:
 886              		.cfi_restore 7
 887              		.cfi_def_cfa_offset 0
 888 0028 7047     		bx	lr
 889              	.L58:
 890 002a 00BF     		.align	2
 891              	.L57:
 892 002c 00040140 		.word	1073808384
 893              		.cfi_endproc
 894              	.LFE72:
 896              		.section	.text.HAL_EXTI_GenerateSWI,"ax",%progbits
 897              		.align	1
 898              		.global	HAL_EXTI_GenerateSWI
 899              		.syntax unified
 900              		.thumb
 901              		.thumb_func
 902              		.fpu softvfp
 904              	HAL_EXTI_GenerateSWI:
 905              	.LFB73:
 521:Drivers/STM32F1xx_HAL_Driver/Src/stm32f1xx_hal_exti.c **** 
 522:Drivers/STM32F1xx_HAL_Driver/Src/stm32f1xx_hal_exti.c **** /**
 523:Drivers/STM32F1xx_HAL_Driver/Src/stm32f1xx_hal_exti.c ****   * @brief  Generate a software interrupt for a dedicated line.
 524:Drivers/STM32F1xx_HAL_Driver/Src/stm32f1xx_hal_exti.c ****   * @param  hexti Exti handle.
 525:Drivers/STM32F1xx_HAL_Driver/Src/stm32f1xx_hal_exti.c ****   * @retval None.
 526:Drivers/STM32F1xx_HAL_Driver/Src/stm32f1xx_hal_exti.c ****   */
 527:Drivers/STM32F1xx_HAL_Driver/Src/stm32f1xx_hal_exti.c **** void HAL_EXTI_GenerateSWI(EXTI_HandleTypeDef *hexti)
 528:Drivers/STM32F1xx_HAL_Driver/Src/stm32f1xx_hal_exti.c **** {
 906              		.loc 1 528 0
 907              		.cfi_startproc
 908              		@ args = 0, pretend = 0, frame = 16
 909              		@ frame_needed = 1, uses_anonymous_args = 0
 910              		@ link register save eliminated.
 911 0000 80B4     		push	{r7}
 912              	.LCFI47:
 913              		.cfi_def_cfa_offset 4
 914              		.cfi_offset 7, -4
ARM GAS  /tmp/ccDX0alU.s 			page 26


 915 0002 85B0     		sub	sp, sp, #20
 916              	.LCFI48:
 917              		.cfi_def_cfa_offset 24
 918 0004 00AF     		add	r7, sp, #0
 919              	.LCFI49:
 920              		.cfi_def_cfa_register 7
 921 0006 7860     		str	r0, [r7, #4]
 529:Drivers/STM32F1xx_HAL_Driver/Src/stm32f1xx_hal_exti.c ****   uint32_t maskline;
 530:Drivers/STM32F1xx_HAL_Driver/Src/stm32f1xx_hal_exti.c **** 
 531:Drivers/STM32F1xx_HAL_Driver/Src/stm32f1xx_hal_exti.c ****   /* Check parameters */
 532:Drivers/STM32F1xx_HAL_Driver/Src/stm32f1xx_hal_exti.c ****   assert_param(IS_EXTI_LINE(hexti->Line));
 533:Drivers/STM32F1xx_HAL_Driver/Src/stm32f1xx_hal_exti.c ****   assert_param(IS_EXTI_CONFIG_LINE(hexti->Line));
 534:Drivers/STM32F1xx_HAL_Driver/Src/stm32f1xx_hal_exti.c **** 
 535:Drivers/STM32F1xx_HAL_Driver/Src/stm32f1xx_hal_exti.c ****   /* Compute line mask */
 536:Drivers/STM32F1xx_HAL_Driver/Src/stm32f1xx_hal_exti.c ****   maskline = (1uL << (hexti->Line & EXTI_PIN_MASK));
 922              		.loc 1 536 0
 923 0008 7B68     		ldr	r3, [r7, #4]
 924 000a 1B68     		ldr	r3, [r3]
 925 000c 03F01F03 		and	r3, r3, #31
 926 0010 0122     		movs	r2, #1
 927 0012 02FA03F3 		lsl	r3, r2, r3
 928 0016 FB60     		str	r3, [r7, #12]
 537:Drivers/STM32F1xx_HAL_Driver/Src/stm32f1xx_hal_exti.c **** 
 538:Drivers/STM32F1xx_HAL_Driver/Src/stm32f1xx_hal_exti.c ****   /* Generate Software interrupt */
 539:Drivers/STM32F1xx_HAL_Driver/Src/stm32f1xx_hal_exti.c ****   EXTI->SWIER = maskline;
 929              		.loc 1 539 0
 930 0018 034A     		ldr	r2, .L60
 931 001a FB68     		ldr	r3, [r7, #12]
 932 001c 1361     		str	r3, [r2, #16]
 540:Drivers/STM32F1xx_HAL_Driver/Src/stm32f1xx_hal_exti.c **** }
 933              		.loc 1 540 0
 934 001e 00BF     		nop
 935 0020 1437     		adds	r7, r7, #20
 936              	.LCFI50:
 937              		.cfi_def_cfa_offset 4
 938 0022 BD46     		mov	sp, r7
 939              	.LCFI51:
 940              		.cfi_def_cfa_register 13
 941              		@ sp needed
 942 0024 80BC     		pop	{r7}
 943              	.LCFI52:
 944              		.cfi_restore 7
 945              		.cfi_def_cfa_offset 0
 946 0026 7047     		bx	lr
 947              	.L61:
 948              		.align	2
 949              	.L60:
 950 0028 00040140 		.word	1073808384
 951              		.cfi_endproc
 952              	.LFE73:
 954              		.text
 955              	.Letext0:
 956              		.file 2 "/home/cole/Applications/gcc-arm-none-eabi-7-2018-q2-update/arm-none-eabi/include/machine/
 957              		.file 3 "/home/cole/Applications/gcc-arm-none-eabi-7-2018-q2-update/arm-none-eabi/include/sys/_std
 958              		.file 4 "Drivers/CMSIS/Include/core_cm3.h"
 959              		.file 5 "Drivers/CMSIS/Device/ST/STM32F1xx/Include/system_stm32f1xx.h"
 960              		.file 6 "Drivers/CMSIS/Device/ST/STM32F1xx/Include/stm32f103xb.h"
ARM GAS  /tmp/ccDX0alU.s 			page 27


 961              		.file 7 "Drivers/STM32F1xx_HAL_Driver/Inc/stm32f1xx_hal_def.h"
 962              		.file 8 "Drivers/STM32F1xx_HAL_Driver/Inc/stm32f1xx_hal_exti.h"
 963              		.file 9 "Drivers/STM32F1xx_HAL_Driver/Inc/stm32f1xx_hal.h"
ARM GAS  /tmp/ccDX0alU.s 			page 28


DEFINED SYMBOLS
                            *ABS*:0000000000000000 stm32f1xx_hal_exti.c
     /tmp/ccDX0alU.s:16     .text.HAL_EXTI_SetConfigLine:0000000000000000 $t
     /tmp/ccDX0alU.s:23     .text.HAL_EXTI_SetConfigLine:0000000000000000 HAL_EXTI_SetConfigLine
     /tmp/ccDX0alU.s:234    .text.HAL_EXTI_SetConfigLine:0000000000000144 $d
     /tmp/ccDX0alU.s:240    .text.HAL_EXTI_GetConfigLine:0000000000000000 $t
     /tmp/ccDX0alU.s:247    .text.HAL_EXTI_GetConfigLine:0000000000000000 HAL_EXTI_GetConfigLine
     /tmp/ccDX0alU.s:424    .text.HAL_EXTI_GetConfigLine:00000000000000fc $d
     /tmp/ccDX0alU.s:430    .text.HAL_EXTI_ClearConfigLine:0000000000000000 $t
     /tmp/ccDX0alU.s:437    .text.HAL_EXTI_ClearConfigLine:0000000000000000 HAL_EXTI_ClearConfigLine
     /tmp/ccDX0alU.s:562    .text.HAL_EXTI_ClearConfigLine:00000000000000b8 $d
     /tmp/ccDX0alU.s:568    .text.HAL_EXTI_RegisterCallback:0000000000000000 $t
     /tmp/ccDX0alU.s:575    .text.HAL_EXTI_RegisterCallback:0000000000000000 HAL_EXTI_RegisterCallback
     /tmp/ccDX0alU.s:636    .text.HAL_EXTI_GetHandle:0000000000000000 $t
     /tmp/ccDX0alU.s:643    .text.HAL_EXTI_GetHandle:0000000000000000 HAL_EXTI_GetHandle
     /tmp/ccDX0alU.s:695    .text.HAL_EXTI_IRQHandler:0000000000000000 $t
     /tmp/ccDX0alU.s:702    .text.HAL_EXTI_IRQHandler:0000000000000000 HAL_EXTI_IRQHandler
     /tmp/ccDX0alU.s:765    .text.HAL_EXTI_IRQHandler:0000000000000044 $d
     /tmp/ccDX0alU.s:770    .text.HAL_EXTI_GetPending:0000000000000000 $t
     /tmp/ccDX0alU.s:777    .text.HAL_EXTI_GetPending:0000000000000000 HAL_EXTI_GetPending
     /tmp/ccDX0alU.s:833    .text.HAL_EXTI_GetPending:000000000000003c $d
     /tmp/ccDX0alU.s:838    .text.HAL_EXTI_ClearPending:0000000000000000 $t
     /tmp/ccDX0alU.s:845    .text.HAL_EXTI_ClearPending:0000000000000000 HAL_EXTI_ClearPending
     /tmp/ccDX0alU.s:892    .text.HAL_EXTI_ClearPending:000000000000002c $d
     /tmp/ccDX0alU.s:897    .text.HAL_EXTI_GenerateSWI:0000000000000000 $t
     /tmp/ccDX0alU.s:904    .text.HAL_EXTI_GenerateSWI:0000000000000000 HAL_EXTI_GenerateSWI
     /tmp/ccDX0alU.s:950    .text.HAL_EXTI_GenerateSWI:0000000000000028 $d

NO UNDEFINED SYMBOLS
